<?xml version="1.0" encoding="UTF-8"?>
<testsuite name="org.javaguru.travel.insurance.core.validations.agreement.SelectedRiskDTOValidatorTest" tests="3" skipped="0" failures="0" errors="0" timestamp="2025-03-27T22:59:31" hostname="Nikita.lan" time="0.006">
  <properties/>
  <testcase name="shouldValidateWithErrors()" classname="org.javaguru.travel.insurance.core.validations.agreement.SelectedRiskDTOValidatorTest" time="0.002"/>
  <testcase name="shouldNotValidateWhenSelectedRisksIsNull()" classname="org.javaguru.travel.insurance.core.validations.agreement.SelectedRiskDTOValidatorTest" time="0.001"/>
  <testcase name="shouldValidateWithoutErrors()" classname="org.javaguru.travel.insurance.core.validations.agreement.SelectedRiskDTOValidatorTest" time="0.002"/>
  <system-out><![CDATA[]]></system-out>
  <system-err><![CDATA[]]></system-err>
</testsuite>
