<?xml version="1.0" encoding="UTF-8"?>
<testsuite name="org.javaguru.travel.insurance.core.validations.agreement.DateAfterNowValidatorTest" tests="3" skipped="0" failures="0" errors="0" timestamp="2025-03-28T13:06:39" hostname="Nikita.lan" time="0.006">
  <properties/>
  <testcase name="Тест: дата начала соглашения не может быть в прошлом" classname="org.javaguru.travel.insurance.core.validations.agreement.DateAfterNowValidatorTest" time="0.002"/>
  <testcase name="Тест: обе даты должны быть в будущем" classname="org.javaguru.travel.insurance.core.validations.agreement.DateAfterNowValidatorTest" time="0.001"/>
  <testcase name="Тест: дата начала соглашения должна быть в будущем" classname="org.javaguru.travel.insurance.core.validations.agreement.DateAfterNowValidatorTest" time="0.003"/>
  <system-out><![CDATA[]]></system-out>
  <system-err><![CDATA[]]></system-err>
</testsuite>
