<?xml version="1.0" encoding="UTF-8"?>
<testsuite name="org.javaguru.travel.insurance.core.validations.agreement.EmptyCountryValidatorTest" tests="3" skipped="0" failures="0" errors="0" timestamp="2025-03-28T13:06:39" hostname="Nikita.lan" time="0.006">
  <properties/>
  <testcase name="shouldReturnErrorWhenSelectedRisksContainsTravelMedicalAndCountryIsNull()" classname="org.javaguru.travel.insurance.core.validations.agreement.EmptyCountryValidatorTest" time="0.001"/>
  <testcase name="shouldReturnNoErrorWhenSelectedRisksContainsTravelMedicalAndCountryIsPresent()" classname="org.javaguru.travel.insurance.core.validations.agreement.EmptyCountryValidatorTest" time="0.002"/>
  <testcase name="shouldReturnErrorWhenSelectedRisksContainsTravelMedicalAndCountryIsEmpty()" classname="org.javaguru.travel.insurance.core.validations.agreement.EmptyCountryValidatorTest" time="0.002"/>
  <system-out><![CDATA[]]></system-out>
  <system-err><![CDATA[]]></system-err>
</testsuite>
