<?xml version="1.0" encoding="UTF-8"?>
<testsuite name="org.javaguru.travel.insurance.core.underwriting.calculators.medical.CountryDefaultDayRateCalculatingTest" tests="1" skipped="0" failures="0" errors="0" timestamp="2025-03-27T22:59:31" hostname="Nikita.lan" time="0.034">
  <properties/>
  <testcase name="shouldReturnCorrectCountryDefaultDayRate()" classname="org.javaguru.travel.insurance.core.underwriting.calculators.medical.CountryDefaultDayRateCalculatingTest" time="0.034"/>
  <system-out><![CDATA[]]></system-out>
  <system-err><![CDATA[]]></system-err>
</testsuite>
