<?xml version="1.0" encoding="UTF-8"?>
<testsuite name="org.javaguru.travel.insurance.core.validations.person.PersonLastNameValidatorTest" tests="3" skipped="0" failures="0" errors="0" timestamp="2025-03-28T13:06:39" hostname="Nikita.lan" time="0.004">
  <properties/>
  <testcase name="Тест: имя не должно быть пустым (null)" classname="org.javaguru.travel.insurance.core.validations.person.PersonLastNameValidatorTest" time="0.001"/>
  <testcase name="Тест: поле должно быть заполнено" classname="org.javaguru.travel.insurance.core.validations.person.PersonLastNameValidatorTest" time="0.001"/>
  <testcase name="Тест: имя не должно быть пустым (пустая строка)" classname="org.javaguru.travel.insurance.core.validations.person.PersonLastNameValidatorTest" time="0.002"/>
  <system-out><![CDATA[]]></system-out>
  <system-err><![CDATA[]]></system-err>
</testsuite>
