<?xml version="1.0" encoding="UTF-8"?>
<testsuite name="org.javaguru.travel.insurance.rest.TravelCalculatePremiumControllerV1Test" tests="12" skipped="0" failures="0" errors="0" timestamp="2025-03-28T13:06:40" hostname="Nikita.lan" time="0.236">
  <properties/>
  <testcase name="[1] testCase=test_case1" classname="org.javaguru.travel.insurance.rest.TravelCalculatePremiumControllerV1Test" time="0.105"/>
  <testcase name="[2] testCase=test_case10" classname="org.javaguru.travel.insurance.rest.TravelCalculatePremiumControllerV1Test" time="0.013"/>
  <testcase name="[3] testCase=test_case11" classname="org.javaguru.travel.insurance.rest.TravelCalculatePremiumControllerV1Test" time="0.01"/>
  <testcase name="[4] testCase=test_case12" classname="org.javaguru.travel.insurance.rest.TravelCalculatePremiumControllerV1Test" time="0.011"/>
  <testcase name="[5] testCase=test_case2" classname="org.javaguru.travel.insurance.rest.TravelCalculatePremiumControllerV1Test" time="0.008"/>
  <testcase name="[6] testCase=test_case3" classname="org.javaguru.travel.insurance.rest.TravelCalculatePremiumControllerV1Test" time="0.008"/>
  <testcase name="[7] testCase=test_case4" classname="org.javaguru.travel.insurance.rest.TravelCalculatePremiumControllerV1Test" time="0.012"/>
  <testcase name="[8] testCase=test_case5" classname="org.javaguru.travel.insurance.rest.TravelCalculatePremiumControllerV1Test" time="0.013"/>
  <testcase name="[9] testCase=test_case6" classname="org.javaguru.travel.insurance.rest.TravelCalculatePremiumControllerV1Test" time="0.014"/>
  <testcase name="[10] testCase=test_case7" classname="org.javaguru.travel.insurance.rest.TravelCalculatePremiumControllerV1Test" time="0.012"/>
  <testcase name="[11] testCase=test_case8" classname="org.javaguru.travel.insurance.rest.TravelCalculatePremiumControllerV1Test" time="0.008"/>
  <testcase name="[12] testCase=test_case9" classname="org.javaguru.travel.insurance.rest.TravelCalculatePremiumControllerV1Test" time="0.01"/>
  <system-out><![CDATA[17:06:39.394 [Test worker] ?[34mINFO ?[0;39m ?[36mo.s.t.c.s.AnnotationConfigContextLoaderUtils?[0;39m – Could not detect default configuration classes for test class [org.javaguru.travel.insurance.rest.TravelCalculatePremiumControllerV1Test]: TravelCalculatePremiumControllerV1Test does not declare any static, non-private, non-final, nested classes annotated with @Configuration.
17:06:39.410 [Test worker] ?[34mINFO ?[0;39m ?[36mo.s.b.t.c.SpringBootTestContextBootstrapper?[0;39m – Found @SpringBootConfiguration org.javaguru.travel.insurance.InsuranceApplication for test class org.javaguru.travel.insurance.rest.TravelCalculatePremiumControllerV1Test

  .   ____          _            __ _ _
 /\\ / ___'_ __ _ _(_)_ __  __ _ \ \ \ \
( ( )\___ | '_ | '_| | '_ \/ _` | \ \ \ \
 \\/  ___)| |_)| | | | | || (_| |  ) ) ) )
  '  |____| .__|_| |_|_| |_\__, | / / / /
 =========|_|==============|___/=/_/_/_/
?[32m :: Spring Boot :: ?[39m              ?[2m (v3.2.5)?[0;39m

17:06:39.441 [Test worker] ?[34mINFO ?[0;39m ?[36mo.j.t.i.r.TravelCalculatePremiumControllerV1Test?[0;39m – Starting TravelCalculatePremiumControllerV1Test using Java 22.0.1 with PID 28255 (started by a--- in /Users/a---/Desktop/My files/intelliJ IDEA FILE/InsurancePremiumServiceV2/V2)
17:06:39.442 [Test worker] ?[34mINFO ?[0;39m ?[36mo.j.t.i.r.TravelCalculatePremiumControllerV1Test?[0;39m – No active profile set, falling back to 1 default profile: "default"
17:06:39.646 [Test worker] ?[34mINFO ?[0;39m ?[36mo.s.d.r.c.RepositoryConfigurationDelegate?[0;39m – Bootstrapping Spring Data JPA repositories in DEFAULT mode.
17:06:39.658 [Test worker] ?[34mINFO ?[0;39m ?[36mo.s.d.r.c.RepositoryConfigurationDelegate?[0;39m – Finished Spring Data repository scanning in 11 ms. Found 5 JPA repository interfaces.
17:06:39.751 [Test worker] ?[34mINFO ?[0;39m ?[36mcom.zaxxer.hikari.HikariDataSource?[0;39m – HikariPool-1 - Starting...
17:06:39.759 [Test worker] ?[34mINFO ?[0;39m ?[36mcom.zaxxer.hikari.pool.HikariPool?[0;39m – HikariPool-1 - Added connection conn35: url=jdbc:h2:mem:testdb user=SA
17:06:39.760 [Test worker] ?[34mINFO ?[0;39m ?[36mcom.zaxxer.hikari.HikariDataSource?[0;39m – HikariPool-1 - Start completed.
17:06:39.790 [Test worker] ?[34mINFO ?[0;39m ?[36mo.h.jpa.internal.util.LogHelper?[0;39m – HHH000204: Processing PersistenceUnitInfo [name: default]
17:06:39.792 [Test worker] ?[34mINFO ?[0;39m ?[36mo.h.c.i.RegionFactoryInitiator?[0;39m – HHH000026: Second-level cache disabled
17:06:39.795 [Test worker] ?[34mINFO ?[0;39m ?[36mo.s.o.j.p.SpringPersistenceUnitInfo?[0;39m – No LoadTimeWeaver setup: ignoring JPA class transformer
17:06:39.808 [Test worker] ?[31mWARN ?[0;39m ?[36morg.hibernate.orm.deprecation?[0;39m – HHH90000025: H2Dialect does not need to be specified explicitly using 'hibernate.dialect' (remove the property setting and it will be selected by default)
17:06:39.846 [Test worker] ?[34mINFO ?[0;39m ?[36mo.h.e.t.j.p.i.JtaPlatformInitiator?[0;39m – HHH000489: No JTA platform available (set 'hibernate.transaction.jta.platform' to enable JTA platform integration)
17:06:39.849 [Test worker] ?[34mINFO ?[0;39m ?[36mo.s.o.j.LocalContainerEntityManagerFactoryBean?[0;39m – Initialized JPA EntityManagerFactory for persistence unit 'default'
17:06:39.981 [Test worker] ?[31mWARN ?[0;39m ?[36mo.s.b.a.o.j.JpaBaseConfiguration$JpaWebConfiguration?[0;39m – spring.jpa.open-in-view is enabled by default. Therefore, database queries may be performed during view rendering. Explicitly configure spring.jpa.open-in-view to disable this warning
17:06:40.179 [Test worker] ?[34mINFO ?[0;39m ?[36mo.s.b.t.m.w.SpringBootMockServletContext?[0;39m – Initializing Spring TestDispatcherServlet ''
17:06:40.179 [Test worker] ?[34mINFO ?[0;39m ?[36mo.s.t.w.s.TestDispatcherServlet?[0;39m – Initializing Servlet ''
17:06:40.180 [Test worker] ?[34mINFO ?[0;39m ?[36mo.s.t.w.s.TestDispatcherServlet?[0;39m – Completed initialization in 1 ms
17:06:40.189 [Test worker] ?[34mINFO ?[0;39m ?[36mo.j.t.i.r.TravelCalculatePremiumControllerV1Test?[0;39m – Started TravelCalculatePremiumControllerV1Test in 0.769 seconds (process running for 4.575)
17:06:40.262 [Test worker] ?[34mINFO ?[0;39m ?[36mo.j.t.i.r.l.EventLoggerTravelCalculatePremiumRequest?[0;39m – REQUEST: {"personFirstName":"John","personLastName":"Doe","dateOfBirth":"2002-01-23","agreementDateFrom":"2028-01-23","agreementDateTo":"2028-04-23","country":"JAPAN","medicalRiskLimitLevel":"LEVEL_15000","selectedRisks":["TRAVEL_MEDICAL","TRAVEL_CANCELLATION","TRAVEL_LOSS_BAGGAGE"]}
Hibernate: select cddr1_0.id,cddr1_0.country_ic,cddr1_0.default_day_rate from country_default_day_rate cddr1_0 where cddr1_0.country_ic=?
Hibernate: select cv1_0.id,cv1_0.classifier_id,cv1_0.description,cv1_0.ic from classifier_values cv1_0 left join classifiers c1_0 on c1_0.id=cv1_0.classifier_id where c1_0.title=? and cv1_0.ic=?
Hibernate: select c1_0.id,c1_0.description,c1_0.title from classifiers c1_0 where c1_0.id=?
Hibernate: select cv1_0.id,cv1_0.classifier_id,cv1_0.description,cv1_0.ic from classifier_values cv1_0 left join classifiers c1_0 on c1_0.id=cv1_0.classifier_id where c1_0.title=? and cv1_0.ic=?
Hibernate: select cv1_0.id,cv1_0.classifier_id,cv1_0.description,cv1_0.ic from classifier_values cv1_0 left join classifiers c1_0 on c1_0.id=cv1_0.classifier_id where c1_0.title=? and cv1_0.ic=?
Hibernate: select c1_0.id,c1_0.description,c1_0.title from classifiers c1_0 where c1_0.id=?
Hibernate: select cv1_0.id,cv1_0.classifier_id,cv1_0.description,cv1_0.ic from classifier_values cv1_0 left join classifiers c1_0 on c1_0.id=cv1_0.classifier_id where c1_0.title=? and cv1_0.ic=?
Hibernate: select cv1_0.id,cv1_0.classifier_id,cv1_0.description,cv1_0.ic from classifier_values cv1_0 left join classifiers c1_0 on c1_0.id=cv1_0.classifier_id where c1_0.title=? and cv1_0.ic=?
Hibernate: select cddr1_0.id,cddr1_0.country_ic,cddr1_0.default_day_rate from country_default_day_rate cddr1_0 where cddr1_0.country_ic=?
Hibernate: select ac1_0.id,ac1_0.age_from,ac1_0.age_to,ac1_0.coefficient from age_coefficient ac1_0 where ac1_0.age_from<=? and ac1_0.age_to>=?
Hibernate: select mrll1_0.id,mrll1_0.coefficient,mrll1_0.medical_risk_limit_level_ic from medical_risk_limit_level mrll1_0 where mrll1_0.medical_risk_limit_level_ic=?
17:06:40.282 [Test worker] ?[34mINFO ?[0;39m ?[36mo.j.t.i.r.l.EventLoggerTravelCalculatePremiumResponse?[0;39m – RESPONSE: {"errors":null,"personFirstName":"John","personLastName":"Doe","dateOfBirth":"2002-01-23","agreementDateFrom":"2028-01-23","agreementDateTo":"2028-04-23","country":"JAPAN","medicalRiskLimitLevel":"LEVEL_15000","agreementPremium":420.42,"risks":[{"riskIc":"TRAVEL_MEDICAL","premium":420.42},{"riskIc":"TRAVEL_CANCELLATION","premium":0},{"riskIc":"TRAVEL_LOSS_BAGGAGE","premium":0}]}
17:06:40.282 [Test worker] ?[34mINFO ?[0;39m ?[36mo.j.t.i.r.l.EventLoggerTravelCalculatePremiumRequestExecutionTime?[0;39m – Request processing time (ms): 28
17:06:40.304 [Test worker] ?[34mINFO ?[0;39m ?[36mo.j.t.i.r.l.EventLoggerTravelCalculatePremiumRequest?[0;39m – REQUEST: {"personFirstName":"John","personLastName":"Doe","dateOfBirth":"2026-01-23","agreementDateFrom":"2028-01-23","agreementDateTo":"2028-04-23","country":"JAPAN","medicalRiskLimitLevel":"LEVEL_15000","selectedRisks":["TRAVEL_MEDICAL","TRAVEL_CANCELLATION","TRAVEL_LOSS_BAGGAGE"]}
Hibernate: select cddr1_0.id,cddr1_0.country_ic,cddr1_0.default_day_rate from country_default_day_rate cddr1_0 where cddr1_0.country_ic=?
Hibernate: select cv1_0.id,cv1_0.classifier_id,cv1_0.description,cv1_0.ic from classifier_values cv1_0 left join classifiers c1_0 on c1_0.id=cv1_0.classifier_id where c1_0.title=? and cv1_0.ic=?
Hibernate: select c1_0.id,c1_0.description,c1_0.title from classifiers c1_0 where c1_0.id=?
Hibernate: select cv1_0.id,cv1_0.classifier_id,cv1_0.description,cv1_0.ic from classifier_values cv1_0 left join classifiers c1_0 on c1_0.id=cv1_0.classifier_id where c1_0.title=? and cv1_0.ic=?
Hibernate: select cv1_0.id,cv1_0.classifier_id,cv1_0.description,cv1_0.ic from classifier_values cv1_0 left join classifiers c1_0 on c1_0.id=cv1_0.classifier_id where c1_0.title=? and cv1_0.ic=?
Hibernate: select c1_0.id,c1_0.description,c1_0.title from classifiers c1_0 where c1_0.id=?
Hibernate: select cv1_0.id,cv1_0.classifier_id,cv1_0.description,cv1_0.ic from classifier_values cv1_0 left join classifiers c1_0 on c1_0.id=cv1_0.classifier_id where c1_0.title=? and cv1_0.ic=?
Hibernate: select cv1_0.id,cv1_0.classifier_id,cv1_0.description,cv1_0.ic from classifier_values cv1_0 left join classifiers c1_0 on c1_0.id=cv1_0.classifier_id where c1_0.title=? and cv1_0.ic=?
17:06:40.312 [Test worker] ?[34mINFO ?[0;39m ?[36mo.j.t.i.r.l.EventLoggerTravelCalculatePremiumResponse?[0;39m – RESPONSE: {"errors":[{"errorCode":"ERROR_CODE_12","description":"Date of birth must not be in the future!"}],"personFirstName":null,"personLastName":null,"dateOfBirth":null,"agreementDateFrom":null,"agreementDateTo":null,"country":null,"medicalRiskLimitLevel":null,"agreementPremium":null,"risks":null}
17:06:40.312 [Test worker] ?[34mINFO ?[0;39m ?[36mo.j.t.i.r.l.EventLoggerTravelCalculatePremiumRequestExecutionTime?[0;39m – Request processing time (ms): 7
17:06:40.318 [Test worker] ?[34mINFO ?[0;39m ?[36mo.j.t.i.r.l.EventLoggerTravelCalculatePremiumRequest?[0;39m – REQUEST: {"personFirstName":"John","personLastName":"Doe","dateOfBirth":null,"agreementDateFrom":"2028-01-23","agreementDateTo":"2028-04-23","country":"JAPAN","medicalRiskLimitLevel":"LEVEL_15000","selectedRisks":["TRAVEL_MEDICAL","TRAVEL_CANCELLATION","TRAVEL_LOSS_BAGGAGE"]}
Hibernate: select cddr1_0.id,cddr1_0.country_ic,cddr1_0.default_day_rate from country_default_day_rate cddr1_0 where cddr1_0.country_ic=?
Hibernate: select cv1_0.id,cv1_0.classifier_id,cv1_0.description,cv1_0.ic from classifier_values cv1_0 left join classifiers c1_0 on c1_0.id=cv1_0.classifier_id where c1_0.title=? and cv1_0.ic=?
Hibernate: select c1_0.id,c1_0.description,c1_0.title from classifiers c1_0 where c1_0.id=?
Hibernate: select cv1_0.id,cv1_0.classifier_id,cv1_0.description,cv1_0.ic from classifier_values cv1_0 left join classifiers c1_0 on c1_0.id=cv1_0.classifier_id where c1_0.title=? and cv1_0.ic=?
Hibernate: select cv1_0.id,cv1_0.classifier_id,cv1_0.description,cv1_0.ic from classifier_values cv1_0 left join classifiers c1_0 on c1_0.id=cv1_0.classifier_id where c1_0.title=? and cv1_0.ic=?
Hibernate: select c1_0.id,c1_0.description,c1_0.title from classifiers c1_0 where c1_0.id=?
Hibernate: select cv1_0.id,cv1_0.classifier_id,cv1_0.description,cv1_0.ic from classifier_values cv1_0 left join classifiers c1_0 on c1_0.id=cv1_0.classifier_id where c1_0.title=? and cv1_0.ic=?
Hibernate: select cv1_0.id,cv1_0.classifier_id,cv1_0.description,cv1_0.ic from classifier_values cv1_0 left join classifiers c1_0 on c1_0.id=cv1_0.classifier_id where c1_0.title=? and cv1_0.ic=?
17:06:40.323 [Test worker] ?[34mINFO ?[0;39m ?[36mo.j.t.i.r.l.EventLoggerTravelCalculatePremiumResponse?[0;39m – RESPONSE: {"errors":[{"errorCode":"ERROR_CODE_11","description":"Date of birth must not be null!"}],"personFirstName":null,"personLastName":null,"dateOfBirth":null,"agreementDateFrom":null,"agreementDateTo":null,"country":null,"medicalRiskLimitLevel":null,"agreementPremium":null,"risks":null}
17:06:40.323 [Test worker] ?[34mINFO ?[0;39m ?[36mo.j.t.i.r.l.EventLoggerTravelCalculatePremiumRequestExecutionTime?[0;39m – Request processing time (ms): 5
17:06:40.328 [Test worker] ?[34mINFO ?[0;39m ?[36mo.j.t.i.r.l.EventLoggerTravelCalculatePremiumRequest?[0;39m – REQUEST: {"personFirstName":"John","personLastName":"Doe","dateOfBirth":"2026-01-23","agreementDateFrom":"2028-01-23","agreementDateTo":"2028-04-23","country":"JAPAN","medicalRiskLimitLevel":"LEVEL_55555","selectedRisks":["TRAVEL_MEDICAL","TRAVEL_CANCELLATION","TRAVEL_LOSS_BAGGAGE"]}
Hibernate: select cddr1_0.id,cddr1_0.country_ic,cddr1_0.default_day_rate from country_default_day_rate cddr1_0 where cddr1_0.country_ic=?
Hibernate: select cv1_0.id,cv1_0.classifier_id,cv1_0.description,cv1_0.ic from classifier_values cv1_0 left join classifiers c1_0 on c1_0.id=cv1_0.classifier_id where c1_0.title=? and cv1_0.ic=?
Hibernate: select cv1_0.id,cv1_0.classifier_id,cv1_0.description,cv1_0.ic from classifier_values cv1_0 left join classifiers c1_0 on c1_0.id=cv1_0.classifier_id where c1_0.title=? and cv1_0.ic=?
Hibernate: select cv1_0.id,cv1_0.classifier_id,cv1_0.description,cv1_0.ic from classifier_values cv1_0 left join classifiers c1_0 on c1_0.id=cv1_0.classifier_id where c1_0.title=? and cv1_0.ic=?
Hibernate: select c1_0.id,c1_0.description,c1_0.title from classifiers c1_0 where c1_0.id=?
Hibernate: select cv1_0.id,cv1_0.classifier_id,cv1_0.description,cv1_0.ic from classifier_values cv1_0 left join classifiers c1_0 on c1_0.id=cv1_0.classifier_id where c1_0.title=? and cv1_0.ic=?
Hibernate: select cv1_0.id,cv1_0.classifier_id,cv1_0.description,cv1_0.ic from classifier_values cv1_0 left join classifiers c1_0 on c1_0.id=cv1_0.classifier_id where c1_0.title=? and cv1_0.ic=?
17:06:40.334 [Test worker] ?[34mINFO ?[0;39m ?[36mo.j.t.i.r.l.EventLoggerTravelCalculatePremiumResponse?[0;39m – RESPONSE: {"errors":[{"errorCode":"ERROR_CODE_12","description":"Date of birth must not be in the future!"},{"errorCode":"ERROR_CODE_14","description":"MedicalRiskLimitLevel not in database!"},{"errorCode":"ERROR_CODE_13","description":"MedicalRiskLimitLevel value not supported!"}],"personFirstName":null,"personLastName":null,"dateOfBirth":null,"agreementDateFrom":null,"agreementDateTo":null,"country":null,"medicalRiskLimitLevel":null,"agreementPremium":null,"risks":null}
17:06:40.334 [Test worker] ?[34mINFO ?[0;39m ?[36mo.j.t.i.r.l.EventLoggerTravelCalculatePremiumRequestExecutionTime?[0;39m – Request processing time (ms): 5
17:06:40.339 [Test worker] ?[34mINFO ?[0;39m ?[36mo.j.t.i.r.l.EventLoggerTravelCalculatePremiumRequest?[0;39m – REQUEST: {"personFirstName":"","personLastName":"Doe","dateOfBirth":"2002-01-23","agreementDateFrom":"2021-01-23","agreementDateTo":"2028-04-23","country":"LATVIA","medicalRiskLimitLevel":"LEVEL_15000","selectedRisks":["TRAVEL_MEDICAL","TRAVEL_CANCELLATION","TRAVEL_LOSS_BAGGAGE"]}
Hibernate: select cddr1_0.id,cddr1_0.country_ic,cddr1_0.default_day_rate from country_default_day_rate cddr1_0 where cddr1_0.country_ic=?
Hibernate: select cv1_0.id,cv1_0.classifier_id,cv1_0.description,cv1_0.ic from classifier_values cv1_0 left join classifiers c1_0 on c1_0.id=cv1_0.classifier_id where c1_0.title=? and cv1_0.ic=?
Hibernate: select c1_0.id,c1_0.description,c1_0.title from classifiers c1_0 where c1_0.id=?
Hibernate: select cv1_0.id,cv1_0.classifier_id,cv1_0.description,cv1_0.ic from classifier_values cv1_0 left join classifiers c1_0 on c1_0.id=cv1_0.classifier_id where c1_0.title=? and cv1_0.ic=?
Hibernate: select cv1_0.id,cv1_0.classifier_id,cv1_0.description,cv1_0.ic from classifier_values cv1_0 left join classifiers c1_0 on c1_0.id=cv1_0.classifier_id where c1_0.title=? and cv1_0.ic=?
Hibernate: select c1_0.id,c1_0.description,c1_0.title from classifiers c1_0 where c1_0.id=?
Hibernate: select cv1_0.id,cv1_0.classifier_id,cv1_0.description,cv1_0.ic from classifier_values cv1_0 left join classifiers c1_0 on c1_0.id=cv1_0.classifier_id where c1_0.title=? and cv1_0.ic=?
Hibernate: select cv1_0.id,cv1_0.classifier_id,cv1_0.description,cv1_0.ic from classifier_values cv1_0 left join classifiers c1_0 on c1_0.id=cv1_0.classifier_id where c1_0.title=? and cv1_0.ic=?
17:06:40.343 [Test worker] ?[34mINFO ?[0;39m ?[36mo.j.t.i.r.l.EventLoggerTravelCalculatePremiumResponse?[0;39m – RESPONSE: {"errors":[{"errorCode":"ERROR_CODE_1","description":"Field personFirstName is empty!"},{"errorCode":"ERROR_CODE_6","description":"Both DateFrom and DateTo must be in the future!"}],"personFirstName":null,"personLastName":null,"dateOfBirth":null,"agreementDateFrom":null,"agreementDateTo":null,"country":null,"medicalRiskLimitLevel":null,"agreementPremium":null,"risks":null}
17:06:40.343 [Test worker] ?[34mINFO ?[0;39m ?[36mo.j.t.i.r.l.EventLoggerTravelCalculatePremiumRequestExecutionTime?[0;39m – Request processing time (ms): 4
17:06:40.348 [Test worker] ?[34mINFO ?[0;39m ?[36mo.j.t.i.r.l.EventLoggerTravelCalculatePremiumRequest?[0;39m – REQUEST: {"personFirstName":"","personLastName":"","dateOfBirth":"2002-01-23","agreementDateFrom":"2020-01-23","agreementDateTo":"2019-04-23","country":"LATVIA","medicalRiskLimitLevel":"LEVEL_15000","selectedRisks":[]}
Hibernate: select cddr1_0.id,cddr1_0.country_ic,cddr1_0.default_day_rate from country_default_day_rate cddr1_0 where cddr1_0.country_ic=?
Hibernate: select cv1_0.id,cv1_0.classifier_id,cv1_0.description,cv1_0.ic from classifier_values cv1_0 left join classifiers c1_0 on c1_0.id=cv1_0.classifier_id where c1_0.title=? and cv1_0.ic=?
Hibernate: select c1_0.id,c1_0.description,c1_0.title from classifiers c1_0 where c1_0.id=?
17:06:40.351 [Test worker] ?[34mINFO ?[0;39m ?[36mo.j.t.i.r.l.EventLoggerTravelCalculatePremiumResponse?[0;39m – RESPONSE: {"errors":[{"errorCode":"ERROR_CODE_1","description":"Field personFirstName is empty!"},{"errorCode":"ERROR_CODE_2","description":"Field personLastName is empty!"},{"errorCode":"ERROR_CODE_6","description":"Both DateFrom and DateTo must be in the future!"},{"errorCode":"ERROR_CODE_5","description":"DateTo must not be less DateFrom!"},{"errorCode":"ERROR_CODE_7","description":"Must not be empty!"}],"personFirstName":null,"personLastName":null,"dateOfBirth":null,"agreementDateFrom":null,"agreementDateTo":null,"country":null,"medicalRiskLimitLevel":null,"agreementPremium":null,"risks":null}
17:06:40.351 [Test worker] ?[34mINFO ?[0;39m ?[36mo.j.t.i.r.l.EventLoggerTravelCalculatePremiumRequestExecutionTime?[0;39m – Request processing time (ms): 3
17:06:40.357 [Test worker] ?[34mINFO ?[0;39m ?[36mo.j.t.i.r.l.EventLoggerTravelCalculatePremiumRequest?[0;39m – REQUEST: {"personFirstName":"John","personLastName":"Doe","dateOfBirth":"2002-01-23","agreementDateFrom":null,"agreementDateTo":"2028-04-23","country":"None","medicalRiskLimitLevel":"LEVEL_15000","selectedRisks":["TRAVEL_MEDICAL","TRAVEL_CANCELLATION","TRAVEL_LOSS_BAGGAGE"]}
Hibernate: select cddr1_0.id,cddr1_0.country_ic,cddr1_0.default_day_rate from country_default_day_rate cddr1_0 where cddr1_0.country_ic=?
Hibernate: select cv1_0.id,cv1_0.classifier_id,cv1_0.description,cv1_0.ic from classifier_values cv1_0 left join classifiers c1_0 on c1_0.id=cv1_0.classifier_id where c1_0.title=? and cv1_0.ic=?
Hibernate: select c1_0.id,c1_0.description,c1_0.title from classifiers c1_0 where c1_0.id=?
Hibernate: select cv1_0.id,cv1_0.classifier_id,cv1_0.description,cv1_0.ic from classifier_values cv1_0 left join classifiers c1_0 on c1_0.id=cv1_0.classifier_id where c1_0.title=? and cv1_0.ic=?
Hibernate: select cv1_0.id,cv1_0.classifier_id,cv1_0.description,cv1_0.ic from classifier_values cv1_0 left join classifiers c1_0 on c1_0.id=cv1_0.classifier_id where c1_0.title=? and cv1_0.ic=?
Hibernate: select c1_0.id,c1_0.description,c1_0.title from classifiers c1_0 where c1_0.id=?
Hibernate: select cv1_0.id,cv1_0.classifier_id,cv1_0.description,cv1_0.ic from classifier_values cv1_0 left join classifiers c1_0 on c1_0.id=cv1_0.classifier_id where c1_0.title=? and cv1_0.ic=?
Hibernate: select cv1_0.id,cv1_0.classifier_id,cv1_0.description,cv1_0.ic from classifier_values cv1_0 left join classifiers c1_0 on c1_0.id=cv1_0.classifier_id where c1_0.title=? and cv1_0.ic=?
17:06:40.362 [Test worker] ?[34mINFO ?[0;39m ?[36mo.j.t.i.r.l.EventLoggerTravelCalculatePremiumResponse?[0;39m – RESPONSE: {"errors":[{"errorCode":"ERROR_CODE_9","description":"Country not in database!"},{"errorCode":"ERROR_CODE_3","description":"DateFrom must not be null!"}],"personFirstName":null,"personLastName":null,"dateOfBirth":null,"agreementDateFrom":null,"agreementDateTo":null,"country":null,"medicalRiskLimitLevel":null,"agreementPremium":null,"risks":null}
17:06:40.362 [Test worker] ?[34mINFO ?[0;39m ?[36mo.j.t.i.r.l.EventLoggerTravelCalculatePremiumRequestExecutionTime?[0;39m – Request processing time (ms): 5
17:06:40.373 [Test worker] ?[34mINFO ?[0;39m ?[36mo.j.t.i.r.l.EventLoggerTravelCalculatePremiumRequest?[0;39m – REQUEST: {"personFirstName":"John","personLastName":"Doe","dateOfBirth":"2002-01-23","agreementDateFrom":"2028-01-23","agreementDateTo":null,"country":"None","medicalRiskLimitLevel":"LEVEL_15000","selectedRisks":["TRAVEL_MEDICAL","TRAVEL_CANCELLATION","TRAVEL_LOSS_BAGGAGE"]}
Hibernate: select cddr1_0.id,cddr1_0.country_ic,cddr1_0.default_day_rate from country_default_day_rate cddr1_0 where cddr1_0.country_ic=?
Hibernate: select cv1_0.id,cv1_0.classifier_id,cv1_0.description,cv1_0.ic from classifier_values cv1_0 left join classifiers c1_0 on c1_0.id=cv1_0.classifier_id where c1_0.title=? and cv1_0.ic=?
Hibernate: select c1_0.id,c1_0.description,c1_0.title from classifiers c1_0 where c1_0.id=?
Hibernate: select cv1_0.id,cv1_0.classifier_id,cv1_0.description,cv1_0.ic from classifier_values cv1_0 left join classifiers c1_0 on c1_0.id=cv1_0.classifier_id where c1_0.title=? and cv1_0.ic=?
Hibernate: select cv1_0.id,cv1_0.classifier_id,cv1_0.description,cv1_0.ic from classifier_values cv1_0 left join classifiers c1_0 on c1_0.id=cv1_0.classifier_id where c1_0.title=? and cv1_0.ic=?
Hibernate: select c1_0.id,c1_0.description,c1_0.title from classifiers c1_0 where c1_0.id=?
Hibernate: select cv1_0.id,cv1_0.classifier_id,cv1_0.description,cv1_0.ic from classifier_values cv1_0 left join classifiers c1_0 on c1_0.id=cv1_0.classifier_id where c1_0.title=? and cv1_0.ic=?
Hibernate: select cv1_0.id,cv1_0.classifier_id,cv1_0.description,cv1_0.ic from classifier_values cv1_0 left join classifiers c1_0 on c1_0.id=cv1_0.classifier_id where c1_0.title=? and cv1_0.ic=?
17:06:40.378 [Test worker] ?[34mINFO ?[0;39m ?[36mo.j.t.i.r.l.EventLoggerTravelCalculatePremiumResponse?[0;39m – RESPONSE: {"errors":[{"errorCode":"ERROR_CODE_9","description":"Country not in database!"},{"errorCode":"ERROR_CODE_4","description":"DateTo must not be null!"}],"personFirstName":null,"personLastName":null,"dateOfBirth":null,"agreementDateFrom":null,"agreementDateTo":null,"country":null,"medicalRiskLimitLevel":null,"agreementPremium":null,"risks":null}
17:06:40.378 [Test worker] ?[34mINFO ?[0;39m ?[36mo.j.t.i.r.l.EventLoggerTravelCalculatePremiumRequestExecutionTime?[0;39m – Request processing time (ms): 5
17:06:40.391 [Test worker] ?[34mINFO ?[0;39m ?[36mo.j.t.i.r.l.EventLoggerTravelCalculatePremiumRequest?[0;39m – REQUEST: {"personFirstName":"John","personLastName":"Doe","dateOfBirth":"2002-01-23","agreementDateFrom":"2028-04-23","agreementDateTo":"2028-01-23","country":"JAPAN","medicalRiskLimitLevel":"LEVEL_15000","selectedRisks":["TRAVEL_MEDICAL","TRAVEL_CANCELLATION","TRAVEL_LOSS_BAGGAGE"]}
Hibernate: select cddr1_0.id,cddr1_0.country_ic,cddr1_0.default_day_rate from country_default_day_rate cddr1_0 where cddr1_0.country_ic=?
Hibernate: select cv1_0.id,cv1_0.classifier_id,cv1_0.description,cv1_0.ic from classifier_values cv1_0 left join classifiers c1_0 on c1_0.id=cv1_0.classifier_id where c1_0.title=? and cv1_0.ic=?
Hibernate: select c1_0.id,c1_0.description,c1_0.title from classifiers c1_0 where c1_0.id=?
Hibernate: select cv1_0.id,cv1_0.classifier_id,cv1_0.description,cv1_0.ic from classifier_values cv1_0 left join classifiers c1_0 on c1_0.id=cv1_0.classifier_id where c1_0.title=? and cv1_0.ic=?
Hibernate: select cv1_0.id,cv1_0.classifier_id,cv1_0.description,cv1_0.ic from classifier_values cv1_0 left join classifiers c1_0 on c1_0.id=cv1_0.classifier_id where c1_0.title=? and cv1_0.ic=?
Hibernate: select c1_0.id,c1_0.description,c1_0.title from classifiers c1_0 where c1_0.id=?
Hibernate: select cv1_0.id,cv1_0.classifier_id,cv1_0.description,cv1_0.ic from classifier_values cv1_0 left join classifiers c1_0 on c1_0.id=cv1_0.classifier_id where c1_0.title=? and cv1_0.ic=?
Hibernate: select cv1_0.id,cv1_0.classifier_id,cv1_0.description,cv1_0.ic from classifier_values cv1_0 left join classifiers c1_0 on c1_0.id=cv1_0.classifier_id where c1_0.title=? and cv1_0.ic=?
17:06:40.396 [Test worker] ?[34mINFO ?[0;39m ?[36mo.j.t.i.r.l.EventLoggerTravelCalculatePremiumResponse?[0;39m – RESPONSE: {"errors":[{"errorCode":"ERROR_CODE_5","description":"DateTo must not be less DateFrom!"}],"personFirstName":null,"personLastName":null,"dateOfBirth":null,"agreementDateFrom":null,"agreementDateTo":null,"country":null,"medicalRiskLimitLevel":null,"agreementPremium":null,"risks":null}
17:06:40.396 [Test worker] ?[34mINFO ?[0;39m ?[36mo.j.t.i.r.l.EventLoggerTravelCalculatePremiumRequestExecutionTime?[0;39m – Request processing time (ms): 5
17:06:40.403 [Test worker] ?[34mINFO ?[0;39m ?[36mo.j.t.i.r.l.EventLoggerTravelCalculatePremiumRequest?[0;39m – REQUEST: {"personFirstName":"John","personLastName":"Doe","dateOfBirth":"2002-01-23","agreementDateFrom":"2020-01-23","agreementDateTo":"2020-04-23","country":"LATVIA","medicalRiskLimitLevel":"LEVEL_15000","selectedRisks":["TRAVEL_MEDICAL","TRAVEL_CANCELLATION","TRAVEL_LOSS_BAGGAGE"]}
Hibernate: select cddr1_0.id,cddr1_0.country_ic,cddr1_0.default_day_rate from country_default_day_rate cddr1_0 where cddr1_0.country_ic=?
Hibernate: select cv1_0.id,cv1_0.classifier_id,cv1_0.description,cv1_0.ic from classifier_values cv1_0 left join classifiers c1_0 on c1_0.id=cv1_0.classifier_id where c1_0.title=? and cv1_0.ic=?
Hibernate: select c1_0.id,c1_0.description,c1_0.title from classifiers c1_0 where c1_0.id=?
Hibernate: select cv1_0.id,cv1_0.classifier_id,cv1_0.description,cv1_0.ic from classifier_values cv1_0 left join classifiers c1_0 on c1_0.id=cv1_0.classifier_id where c1_0.title=? and cv1_0.ic=?
Hibernate: select cv1_0.id,cv1_0.classifier_id,cv1_0.description,cv1_0.ic from classifier_values cv1_0 left join classifiers c1_0 on c1_0.id=cv1_0.classifier_id where c1_0.title=? and cv1_0.ic=?
Hibernate: select c1_0.id,c1_0.description,c1_0.title from classifiers c1_0 where c1_0.id=?
Hibernate: select cv1_0.id,cv1_0.classifier_id,cv1_0.description,cv1_0.ic from classifier_values cv1_0 left join classifiers c1_0 on c1_0.id=cv1_0.classifier_id where c1_0.title=? and cv1_0.ic=?
Hibernate: select cv1_0.id,cv1_0.classifier_id,cv1_0.description,cv1_0.ic from classifier_values cv1_0 left join classifiers c1_0 on c1_0.id=cv1_0.classifier_id where c1_0.title=? and cv1_0.ic=?
17:06:40.409 [Test worker] ?[34mINFO ?[0;39m ?[36mo.j.t.i.r.l.EventLoggerTravelCalculatePremiumResponse?[0;39m – RESPONSE: {"errors":[{"errorCode":"ERROR_CODE_6","description":"Both DateFrom and DateTo must be in the future!"}],"personFirstName":null,"personLastName":null,"dateOfBirth":null,"agreementDateFrom":null,"agreementDateTo":null,"country":null,"medicalRiskLimitLevel":null,"agreementPremium":null,"risks":null}
17:06:40.409 [Test worker] ?[34mINFO ?[0;39m ?[36mo.j.t.i.r.l.EventLoggerTravelCalculatePremiumRequestExecutionTime?[0;39m – Request processing time (ms): 6
17:06:40.415 [Test worker] ?[34mINFO ?[0;39m ?[36mo.j.t.i.r.l.EventLoggerTravelCalculatePremiumRequest?[0;39m – REQUEST: {"personFirstName":"John","personLastName":"Doe","dateOfBirth":"2002-01-23","agreementDateFrom":"2020-01-23","agreementDateTo":"2020-04-23","country":"LATVIA","medicalRiskLimitLevel":"LEVEL_15000","selectedRisks":["TRAMEDICAL","TRAVEL_CANCEL","TRAVEL_LOSS_BAE"]}
Hibernate: select cddr1_0.id,cddr1_0.country_ic,cddr1_0.default_day_rate from country_default_day_rate cddr1_0 where cddr1_0.country_ic=?
Hibernate: select cv1_0.id,cv1_0.classifier_id,cv1_0.description,cv1_0.ic from classifier_values cv1_0 left join classifiers c1_0 on c1_0.id=cv1_0.classifier_id where c1_0.title=? and cv1_0.ic=?
Hibernate: select c1_0.id,c1_0.description,c1_0.title from classifiers c1_0 where c1_0.id=?
Hibernate: select cv1_0.id,cv1_0.classifier_id,cv1_0.description,cv1_0.ic from classifier_values cv1_0 left join classifiers c1_0 on c1_0.id=cv1_0.classifier_id where c1_0.title=? and cv1_0.ic=?
Hibernate: select cv1_0.id,cv1_0.classifier_id,cv1_0.description,cv1_0.ic from classifier_values cv1_0 left join classifiers c1_0 on c1_0.id=cv1_0.classifier_id where c1_0.title=? and cv1_0.ic=?
Hibernate: select cv1_0.id,cv1_0.classifier_id,cv1_0.description,cv1_0.ic from classifier_values cv1_0 left join classifiers c1_0 on c1_0.id=cv1_0.classifier_id where c1_0.title=? and cv1_0.ic=?
17:06:40.419 [Test worker] ?[34mINFO ?[0;39m ?[36mo.j.t.i.r.l.EventLoggerTravelCalculatePremiumResponse?[0;39m – RESPONSE: {"errors":[{"errorCode":"ERROR_CODE_6","description":"Both DateFrom and DateTo must be in the future!"},{"errorCode":"ERROR_CODE_8","description":"Risk Type ic = TRAMEDICAL not supported!"},{"errorCode":"ERROR_CODE_8","description":"Risk Type ic = TRAVEL_CANCEL not supported!"},{"errorCode":"ERROR_CODE_8","description":"Risk Type ic = TRAVEL_LOSS_BAE not supported!"}],"personFirstName":null,"personLastName":null,"dateOfBirth":null,"agreementDateFrom":null,"agreementDateTo":null,"country":null,"medicalRiskLimitLevel":null,"agreementPremium":null,"risks":null}
17:06:40.419 [Test worker] ?[34mINFO ?[0;39m ?[36mo.j.t.i.r.l.EventLoggerTravelCalculatePremiumRequestExecutionTime?[0;39m – Request processing time (ms): 4
17:06:40.423 [Test worker] ?[34mINFO ?[0;39m ?[36mo.j.t.i.r.l.EventLoggerTravelCalculatePremiumRequest?[0;39m – REQUEST: {"personFirstName":"John","personLastName":"Doe","dateOfBirth":"2002-01-23","agreementDateFrom":"2020-01-23","agreementDateTo":"2020-04-23","country":"None","medicalRiskLimitLevel":"LEVEL_15000","selectedRisks":["TRAMEDICAL","","TRAVEL_LOSS_BAE"]}
Hibernate: select cddr1_0.id,cddr1_0.country_ic,cddr1_0.default_day_rate from country_default_day_rate cddr1_0 where cddr1_0.country_ic=?
Hibernate: select cv1_0.id,cv1_0.classifier_id,cv1_0.description,cv1_0.ic from classifier_values cv1_0 left join classifiers c1_0 on c1_0.id=cv1_0.classifier_id where c1_0.title=? and cv1_0.ic=?
Hibernate: select c1_0.id,c1_0.description,c1_0.title from classifiers c1_0 where c1_0.id=?
Hibernate: select cv1_0.id,cv1_0.classifier_id,cv1_0.description,cv1_0.ic from classifier_values cv1_0 left join classifiers c1_0 on c1_0.id=cv1_0.classifier_id where c1_0.title=? and cv1_0.ic=?
Hibernate: select cv1_0.id,cv1_0.classifier_id,cv1_0.description,cv1_0.ic from classifier_values cv1_0 left join classifiers c1_0 on c1_0.id=cv1_0.classifier_id where c1_0.title=? and cv1_0.ic=?
Hibernate: select cv1_0.id,cv1_0.classifier_id,cv1_0.description,cv1_0.ic from classifier_values cv1_0 left join classifiers c1_0 on c1_0.id=cv1_0.classifier_id where c1_0.title=? and cv1_0.ic=?
17:06:40.429 [Test worker] ?[34mINFO ?[0;39m ?[36mo.j.t.i.r.l.EventLoggerTravelCalculatePremiumResponse?[0;39m – RESPONSE: {"errors":[{"errorCode":"ERROR_CODE_9","description":"Country not in database!"},{"errorCode":"ERROR_CODE_6","description":"Both DateFrom and DateTo must be in the future!"},{"errorCode":"ERROR_CODE_7","description":"Must not be empty!"},{"errorCode":"ERROR_CODE_8","description":"Risk Type ic = TRAMEDICAL not supported!"},{"errorCode":"ERROR_CODE_8","description":"Risk Type ic =  not supported!"},{"errorCode":"ERROR_CODE_8","description":"Risk Type ic = TRAVEL_LOSS_BAE not supported!"}],"personFirstName":null,"personLastName":null,"dateOfBirth":null,"agreementDateFrom":null,"agreementDateTo":null,"country":null,"medicalRiskLimitLevel":null,"agreementPremium":null,"risks":null}
17:06:40.429 [Test worker] ?[34mINFO ?[0;39m ?[36mo.j.t.i.r.l.EventLoggerTravelCalculatePremiumRequestExecutionTime?[0;39m – Request processing time (ms): 6
]]></system-out>
  <system-err><![CDATA[]]></system-err>
</testsuite>
