<?xml version="1.0" encoding="UTF-8"?>
<testsuite name="org.javaguru.travel.insurance.core.repositories.ClassifierValueRepositoryTest" tests="8" skipped="0" failures="0" errors="0" timestamp="2025-03-27T22:59:31" hostname="Nikita.lan" time="0.056">
  <properties/>
  <testcase name="[1] classifierTitle=RISK_TYPE, ic=TRAVEL_MEDICAL" classname="org.javaguru.travel.insurance.core.repositories.ClassifierValueRepositoryTest" time="0.012"/>
  <testcase name="[2] classifierTitle=RISK_TYPE, ic=TRAVEL_CANCELLATION" classname="org.javaguru.travel.insurance.core.repositories.ClassifierValueRepositoryTest" time="0.005"/>
  <testcase name="[3] classifierTitle=RISK_TYPE, ic=TRAVEL_LOSS_BAGGAGE" classname="org.javaguru.travel.insurance.core.repositories.ClassifierValueRepositoryTest" time="0.006"/>
  <testcase name="[4] classifierTitle=RISK_TYPE, ic=TRAVEL_THIRD_PARTY_LIABILITY" classname="org.javaguru.travel.insurance.core.repositories.ClassifierValueRepositoryTest" time="0.005"/>
  <testcase name="[5] classifierTitle=RISK_TYPE, ic=TRAVEL_EVACUATION" classname="org.javaguru.travel.insurance.core.repositories.ClassifierValueRepositoryTest" time="0.005"/>
  <testcase name="[6] classifierTitle=RISK_TYPE, ic=TRAVEL_SPORT_ACTIVITIES" classname="org.javaguru.travel.insurance.core.repositories.ClassifierValueRepositoryTest" time="0.009"/>
  <testcase name="shouldNotFind_RiskType_FAKE()" classname="org.javaguru.travel.insurance.core.repositories.ClassifierValueRepositoryTest" time="0.005"/>
  <testcase name="injectedRepositoryAreNotNull()" classname="org.javaguru.travel.insurance.core.repositories.ClassifierValueRepositoryTest" time="0.002"/>
  <system-out><![CDATA[02:59:31.033 [Test worker] ?[34mINFO ?[0;39m ?[36mo.s.t.c.s.AnnotationConfigContextLoaderUtils?[0;39m – Could not detect default configuration classes for test class [org.javaguru.travel.insurance.core.repositories.ClassifierValueRepositoryTest]: ClassifierValueRepositoryTest does not declare any static, non-private, non-final, nested classes annotated with @Configuration.
02:59:31.037 [Test worker] ?[34mINFO ?[0;39m ?[36mo.s.b.t.c.SpringBootTestContextBootstrapper?[0;39m – Found @SpringBootConfiguration org.javaguru.travel.insurance.InsuranceApplication for test class org.javaguru.travel.insurance.core.repositories.ClassifierValueRepositoryTest
Hibernate: select cv1_0.id,cv1_0.classifier_id,cv1_0.description,cv1_0.ic from classifier_values cv1_0 left join classifiers c1_0 on c1_0.id=cv1_0.classifier_id where c1_0.title=? and cv1_0.ic=?
Hibernate: select c1_0.id,c1_0.description,c1_0.title from classifiers c1_0 where c1_0.id=?
Hibernate: select cv1_0.id,cv1_0.classifier_id,cv1_0.description,cv1_0.ic from classifier_values cv1_0 left join classifiers c1_0 on c1_0.id=cv1_0.classifier_id where c1_0.title=? and cv1_0.ic=?
Hibernate: select c1_0.id,c1_0.description,c1_0.title from classifiers c1_0 where c1_0.id=?
Hibernate: select cv1_0.id,cv1_0.classifier_id,cv1_0.description,cv1_0.ic from classifier_values cv1_0 left join classifiers c1_0 on c1_0.id=cv1_0.classifier_id where c1_0.title=? and cv1_0.ic=?
Hibernate: select c1_0.id,c1_0.description,c1_0.title from classifiers c1_0 where c1_0.id=?
Hibernate: select cv1_0.id,cv1_0.classifier_id,cv1_0.description,cv1_0.ic from classifier_values cv1_0 left join classifiers c1_0 on c1_0.id=cv1_0.classifier_id where c1_0.title=? and cv1_0.ic=?
Hibernate: select c1_0.id,c1_0.description,c1_0.title from classifiers c1_0 where c1_0.id=?
Hibernate: select cv1_0.id,cv1_0.classifier_id,cv1_0.description,cv1_0.ic from classifier_values cv1_0 left join classifiers c1_0 on c1_0.id=cv1_0.classifier_id where c1_0.title=? and cv1_0.ic=?
Hibernate: select c1_0.id,c1_0.description,c1_0.title from classifiers c1_0 where c1_0.id=?
Hibernate: select cv1_0.id,cv1_0.classifier_id,cv1_0.description,cv1_0.ic from classifier_values cv1_0 left join classifiers c1_0 on c1_0.id=cv1_0.classifier_id where c1_0.title=? and cv1_0.ic=?
Hibernate: select c1_0.id,c1_0.description,c1_0.title from classifiers c1_0 where c1_0.id=?
Hibernate: select cv1_0.id,cv1_0.classifier_id,cv1_0.description,cv1_0.ic from classifier_values cv1_0 left join classifiers c1_0 on c1_0.id=cv1_0.classifier_id where c1_0.title=? and cv1_0.ic=?
]]></system-out>
  <system-err><![CDATA[]]></system-err>
</testsuite>
