<?xml version="1.0" encoding="UTF-8"?>
<testsuite name="org.javaguru.travel.insurance.rest.TravelCalculatePremiumControllerTest" tests="12" skipped="0" failures="0" errors="0" timestamp="2025-03-27T18:10:28" hostname="Nikita.lan" time="0.606">
  <properties/>
  <testcase name="[1] testCase=test_case1" classname="org.javaguru.travel.insurance.rest.TravelCalculatePremiumControllerTest" time="0.502"/>
  <testcase name="[2] testCase=test_case10" classname="org.javaguru.travel.insurance.rest.TravelCalculatePremiumControllerTest" time="0.012"/>
  <testcase name="[3] testCase=test_case11" classname="org.javaguru.travel.insurance.rest.TravelCalculatePremiumControllerTest" time="0.01"/>
  <testcase name="[4] testCase=test_case12" classname="org.javaguru.travel.insurance.rest.TravelCalculatePremiumControllerTest" time="0.009"/>
  <testcase name="[5] testCase=test_case2" classname="org.javaguru.travel.insurance.rest.TravelCalculatePremiumControllerTest" time="0.009"/>
  <testcase name="[6] testCase=test_case3" classname="org.javaguru.travel.insurance.rest.TravelCalculatePremiumControllerTest" time="0.006"/>
  <testcase name="[7] testCase=test_case4" classname="org.javaguru.travel.insurance.rest.TravelCalculatePremiumControllerTest" time="0.008"/>
  <testcase name="[8] testCase=test_case5" classname="org.javaguru.travel.insurance.rest.TravelCalculatePremiumControllerTest" time="0.008"/>
  <testcase name="[9] testCase=test_case6" classname="org.javaguru.travel.insurance.rest.TravelCalculatePremiumControllerTest" time="0.008"/>
  <testcase name="[10] testCase=test_case7" classname="org.javaguru.travel.insurance.rest.TravelCalculatePremiumControllerTest" time="0.009"/>
  <testcase name="[11] testCase=test_case8" classname="org.javaguru.travel.insurance.rest.TravelCalculatePremiumControllerTest" time="0.008"/>
  <testcase name="[12] testCase=test_case9" classname="org.javaguru.travel.insurance.rest.TravelCalculatePremiumControllerTest" time="0.008"/>
  <system-out><![CDATA[22:10:25,986 |-INFO in ch.qos.logback.classic.LoggerContext[default] - This is logback-classic version 1.4.14
22:10:25,987 |-INFO in ch.qos.logback.classic.util.ContextInitializer@58ebfd03 - Here is a list of configurators discovered as a service, by rank: 
22:10:25,987 |-INFO in ch.qos.logback.classic.util.ContextInitializer@58ebfd03 -   org.springframework.boot.logging.logback.RootLogLevelConfigurator
22:10:25,987 |-INFO in ch.qos.logback.classic.util.ContextInitializer@58ebfd03 - They will be invoked in order until ExecutionStatus.DO_NOT_INVOKE_NEXT_IF_ANY is returned.
22:10:25,988 |-INFO in ch.qos.logback.classic.util.ContextInitializer@58ebfd03 - Constructed configurator of type class org.springframework.boot.logging.logback.RootLogLevelConfigurator
22:10:25,990 |-INFO in ch.qos.logback.classic.util.ContextInitializer@58ebfd03 - org.springframework.boot.logging.logback.RootLogLevelConfigurator.configure() call lasted 1 milliseconds. ExecutionStatus=INVOKE_NEXT_IF_ANY
22:10:25,990 |-INFO in ch.qos.logback.classic.util.ContextInitializer@58ebfd03 - Trying to configure with ch.qos.logback.classic.joran.SerializedModelConfigurator
22:10:25,991 |-INFO in ch.qos.logback.classic.util.ContextInitializer@58ebfd03 - Constructed configurator of type class ch.qos.logback.classic.joran.SerializedModelConfigurator
22:10:25,992 |-INFO in ch.qos.logback.classic.LoggerContext[default] - Could NOT find resource [logback-test.scmo]
22:10:25,992 |-INFO in ch.qos.logback.classic.LoggerContext[default] - Could NOT find resource [logback.scmo]
22:10:25,992 |-INFO in ch.qos.logback.classic.util.ContextInitializer@58ebfd03 - ch.qos.logback.classic.joran.SerializedModelConfigurator.configure() call lasted 1 milliseconds. ExecutionStatus=INVOKE_NEXT_IF_ANY
22:10:25,992 |-INFO in ch.qos.logback.classic.util.ContextInitializer@58ebfd03 - Trying to configure with ch.qos.logback.classic.util.DefaultJoranConfigurator
22:10:25,992 |-INFO in ch.qos.logback.classic.util.ContextInitializer@58ebfd03 - Constructed configurator of type class ch.qos.logback.classic.util.DefaultJoranConfigurator
22:10:25,992 |-INFO in ch.qos.logback.classic.LoggerContext[default] - Could NOT find resource [logback-test.xml]
22:10:25,993 |-INFO in ch.qos.logback.classic.LoggerContext[default] - Found resource [logback.xml] at [file:/Users/a---/Desktop/My%20files/intelliJ%20IDEA%20FILE/InsurancePremiumServiceV2/V2/build/resources/main/logback.xml]
22:10:26,044 |-INFO in ch.qos.logback.core.model.processor.AppenderModelHandler - Processing appender named [CONSOLE]
22:10:26,044 |-INFO in ch.qos.logback.core.model.processor.AppenderModelHandler - About to instantiate appender of type [ch.qos.logback.core.ConsoleAppender]
22:10:26,046 |-INFO in ch.qos.logback.core.model.processor.ImplicitModelHandler - Assuming default type [ch.qos.logback.classic.encoder.PatternLayoutEncoder] for [encoder] property
22:10:26,056 |-INFO in ch.qos.logback.core.model.processor.AppenderModelHandler - Processing appender named [FILE_APPENDER]
22:10:26,056 |-INFO in ch.qos.logback.core.model.processor.AppenderModelHandler - About to instantiate appender of type [ch.qos.logback.core.rolling.RollingFileAppender]
22:10:26,057 |-INFO in ch.qos.logback.core.model.processor.ImplicitModelHandler - Assuming default type [ch.qos.logback.classic.encoder.PatternLayoutEncoder] for [encoder] property
22:10:26,061 |-INFO in c.q.l.core.rolling.TimeBasedRollingPolicy@1527214863 - No compression will be used
22:10:26,061 |-INFO in c.q.l.core.rolling.TimeBasedRollingPolicy@1527214863 - Will use the pattern LOGS/archived/application-logger-%d{yyyy-MM-dd}.%i.log for the active file
22:10:26,063 |-INFO in ch.qos.logback.core.rolling.SizeAndTimeBasedFNATP@1fdfafd2 - The date pattern is 'yyyy-MM-dd' from file name pattern 'LOGS/archived/application-logger-%d{yyyy-MM-dd}.%i.log'.
22:10:26,063 |-INFO in ch.qos.logback.core.rolling.SizeAndTimeBasedFNATP@1fdfafd2 - Roll-over at midnight.
22:10:26,063 |-INFO in ch.qos.logback.core.rolling.SizeAndTimeBasedFNATP@1fdfafd2 - Setting initial period to 2025-03-27T18:05:53.371Z
22:10:26,063 |-WARN in ch.qos.logback.core.rolling.SizeAndTimeBasedFNATP@1fdfafd2 - SizeAndTimeBasedFNATP is deprecated. Use SizeAndTimeBasedRollingPolicy instead
22:10:26,063 |-WARN in ch.qos.logback.core.rolling.SizeAndTimeBasedFNATP@1fdfafd2 - For more information see http://logback.qos.ch/manual/appenders.html#SizeAndTimeBasedRollingPolicy
22:10:26,065 |-INFO in ch.qos.logback.core.rolling.RollingFileAppender[FILE_APPENDER] - Active log file name: LOGS/application-logger.log
22:10:26,065 |-INFO in ch.qos.logback.core.rolling.RollingFileAppender[FILE_APPENDER] - File property is set to [LOGS/application-logger.log]
22:10:26,065 |-INFO in ch.qos.logback.core.model.processor.AppenderModelHandler - Processing appender named [REQUEST_RESPONSE_FILE_APPENDER]
22:10:26,065 |-INFO in ch.qos.logback.core.model.processor.AppenderModelHandler - About to instantiate appender of type [ch.qos.logback.core.rolling.RollingFileAppender]
22:10:26,066 |-INFO in ch.qos.logback.core.model.processor.ImplicitModelHandler - Assuming default type [ch.qos.logback.classic.encoder.PatternLayoutEncoder] for [encoder] property
22:10:26,066 |-INFO in c.q.l.core.rolling.TimeBasedRollingPolicy@172699023 - No compression will be used
22:10:26,066 |-INFO in c.q.l.core.rolling.TimeBasedRollingPolicy@172699023 - Will use the pattern LOGS/archived/request-response-logger-%d{yyyy-MM-dd}.%i.log for the active file
22:10:26,066 |-INFO in ch.qos.logback.core.rolling.SizeAndTimeBasedFNATP@dcfda20 - The date pattern is 'yyyy-MM-dd' from file name pattern 'LOGS/archived/request-response-logger-%d{yyyy-MM-dd}.%i.log'.
22:10:26,066 |-INFO in ch.qos.logback.core.rolling.SizeAndTimeBasedFNATP@dcfda20 - Roll-over at midnight.
22:10:26,066 |-INFO in ch.qos.logback.core.rolling.SizeAndTimeBasedFNATP@dcfda20 - Setting initial period to 2025-03-25T13:45:08.500Z
22:10:26,067 |-WARN in ch.qos.logback.core.rolling.SizeAndTimeBasedFNATP@dcfda20 - SizeAndTimeBasedFNATP is deprecated. Use SizeAndTimeBasedRollingPolicy instead
22:10:26,067 |-WARN in ch.qos.logback.core.rolling.SizeAndTimeBasedFNATP@dcfda20 - For more information see http://logback.qos.ch/manual/appenders.html#SizeAndTimeBasedRollingPolicy
22:10:26,067 |-INFO in ch.qos.logback.core.rolling.RollingFileAppender[REQUEST_RESPONSE_FILE_APPENDER] - Active log file name: LOGS/request-response-logger.log
22:10:26,067 |-INFO in ch.qos.logback.core.rolling.RollingFileAppender[REQUEST_RESPONSE_FILE_APPENDER] - File property is set to [LOGS/request-response-logger.log]
22:10:26,067 |-INFO in ch.qos.logback.classic.model.processor.RootLoggerModelHandler - Setting level of ROOT logger to INFO
22:10:26,067 |-INFO in ch.qos.logback.core.model.processor.AppenderRefModelHandler - Attaching appender named [FILE_APPENDER] to Logger[ROOT]
22:10:26,067 |-INFO in ch.qos.logback.core.model.processor.AppenderRefModelHandler - Attaching appender named [CONSOLE] to Logger[ROOT]
22:10:26,067 |-INFO in ch.qos.logback.classic.model.processor.LoggerModelHandler - Setting level of logger [org.javaguru.travel.insurance.rest.logger.EventLoggerTravelCalculatePremiumRequest] to INFO
22:10:26,067 |-INFO in ch.qos.logback.core.model.processor.AppenderRefModelHandler - Attaching appender named [REQUEST_RESPONSE_FILE_APPENDER] to Logger[org.javaguru.travel.insurance.rest.logger.EventLoggerTravelCalculatePremiumRequest]
22:10:26,067 |-INFO in ch.qos.logback.classic.model.processor.LoggerModelHandler - Setting level of logger [org.javaguru.travel.insurance.rest.logger.EventLoggerTravelCalculatePremiumResponse] to INFO
22:10:26,067 |-INFO in ch.qos.logback.core.model.processor.AppenderRefModelHandler - Attaching appender named [REQUEST_RESPONSE_FILE_APPENDER] to Logger[org.javaguru.travel.insurance.rest.logger.EventLoggerTravelCalculatePremiumResponse]
22:10:26,067 |-INFO in ch.qos.logback.core.model.processor.DefaultProcessor@6d304f9d - End of configuration.
22:10:26,068 |-INFO in ch.qos.logback.classic.joran.JoranConfigurator@f73dcd6 - Registering current configuration as safe fallback point
22:10:26,068 |-INFO in ch.qos.logback.classic.util.ContextInitializer@58ebfd03 - ch.qos.logback.classic.util.DefaultJoranConfigurator.configure() call lasted 76 milliseconds. ExecutionStatus=DO_NOT_INVOKE_NEXT_IF_ANY

22:10:26.109 [Test worker] ?[34mINFO ?[0;39m ?[36mo.s.t.c.s.AnnotationConfigContextLoaderUtils?[0;39m – Could not detect default configuration classes for test class [org.javaguru.travel.insurance.rest.TravelCalculatePremiumControllerTest]: TravelCalculatePremiumControllerTest does not declare any static, non-private, non-final, nested classes annotated with @Configuration.
22:10:26.167 [Test worker] ?[34mINFO ?[0;39m ?[36mo.s.b.t.c.SpringBootTestContextBootstrapper?[0;39m – Found @SpringBootConfiguration org.javaguru.travel.insurance.InsuranceApplication for test class org.javaguru.travel.insurance.rest.TravelCalculatePremiumControllerTest
22:10:26,318 |-INFO in ch.qos.logback.core.model.processor.AppenderModelHandler - Processing appender named [CONSOLE]
22:10:26,318 |-INFO in ch.qos.logback.core.model.processor.AppenderModelHandler - About to instantiate appender of type [ch.qos.logback.core.ConsoleAppender]
22:10:26,318 |-INFO in ch.qos.logback.core.model.processor.ImplicitModelHandler - Assuming default type [ch.qos.logback.classic.encoder.PatternLayoutEncoder] for [encoder] property
22:10:26,319 |-INFO in ch.qos.logback.core.model.processor.AppenderModelHandler - Processing appender named [FILE_APPENDER]
22:10:26,319 |-INFO in ch.qos.logback.core.model.processor.AppenderModelHandler - About to instantiate appender of type [ch.qos.logback.core.rolling.RollingFileAppender]
22:10:26,319 |-INFO in ch.qos.logback.core.model.processor.ImplicitModelHandler - Assuming default type [ch.qos.logback.classic.encoder.PatternLayoutEncoder] for [encoder] property
22:10:26,319 |-INFO in c.q.l.core.rolling.TimeBasedRollingPolicy@1618180899 - No compression will be used
22:10:26,319 |-INFO in c.q.l.core.rolling.TimeBasedRollingPolicy@1618180899 - Will use the pattern LOGS/archived/application-logger-%d{yyyy-MM-dd}.%i.log for the active file
22:10:26,320 |-INFO in ch.qos.logback.core.rolling.SizeAndTimeBasedFNATP@4d2a1da3 - The date pattern is 'yyyy-MM-dd' from file name pattern 'LOGS/archived/application-logger-%d{yyyy-MM-dd}.%i.log'.
22:10:26,320 |-INFO in ch.qos.logback.core.rolling.SizeAndTimeBasedFNATP@4d2a1da3 - Roll-over at midnight.
22:10:26,320 |-INFO in ch.qos.logback.core.rolling.SizeAndTimeBasedFNATP@4d2a1da3 - Setting initial period to 2025-03-27T18:10:26.167Z
22:10:26,320 |-WARN in ch.qos.logback.core.rolling.SizeAndTimeBasedFNATP@4d2a1da3 - SizeAndTimeBasedFNATP is deprecated. Use SizeAndTimeBasedRollingPolicy instead
22:10:26,320 |-WARN in ch.qos.logback.core.rolling.SizeAndTimeBasedFNATP@4d2a1da3 - For more information see http://logback.qos.ch/manual/appenders.html#SizeAndTimeBasedRollingPolicy
22:10:26,320 |-INFO in ch.qos.logback.core.rolling.RollingFileAppender[FILE_APPENDER] - Active log file name: LOGS/application-logger.log
22:10:26,320 |-INFO in ch.qos.logback.core.rolling.RollingFileAppender[FILE_APPENDER] - File property is set to [LOGS/application-logger.log]
22:10:26,320 |-INFO in ch.qos.logback.core.model.processor.AppenderModelHandler - Processing appender named [REQUEST_RESPONSE_FILE_APPENDER]
22:10:26,320 |-INFO in ch.qos.logback.core.model.processor.AppenderModelHandler - About to instantiate appender of type [ch.qos.logback.core.rolling.RollingFileAppender]
22:10:26,321 |-INFO in ch.qos.logback.core.model.processor.ImplicitModelHandler - Assuming default type [ch.qos.logback.classic.encoder.PatternLayoutEncoder] for [encoder] property
22:10:26,321 |-INFO in c.q.l.core.rolling.TimeBasedRollingPolicy@623862380 - No compression will be used
22:10:26,321 |-INFO in c.q.l.core.rolling.TimeBasedRollingPolicy@623862380 - Will use the pattern LOGS/archived/request-response-logger-%d{yyyy-MM-dd}.%i.log for the active file
22:10:26,321 |-INFO in ch.qos.logback.core.rolling.SizeAndTimeBasedFNATP@33f98231 - The date pattern is 'yyyy-MM-dd' from file name pattern 'LOGS/archived/request-response-logger-%d{yyyy-MM-dd}.%i.log'.
22:10:26,321 |-INFO in ch.qos.logback.core.rolling.SizeAndTimeBasedFNATP@33f98231 - Roll-over at midnight.
22:10:26,322 |-INFO in ch.qos.logback.core.rolling.SizeAndTimeBasedFNATP@33f98231 - Setting initial period to 2025-03-25T13:45:08.500Z
22:10:26,322 |-WARN in ch.qos.logback.core.rolling.SizeAndTimeBasedFNATP@33f98231 - SizeAndTimeBasedFNATP is deprecated. Use SizeAndTimeBasedRollingPolicy instead
22:10:26,322 |-WARN in ch.qos.logback.core.rolling.SizeAndTimeBasedFNATP@33f98231 - For more information see http://logback.qos.ch/manual/appenders.html#SizeAndTimeBasedRollingPolicy
22:10:26,322 |-INFO in ch.qos.logback.core.rolling.RollingFileAppender[REQUEST_RESPONSE_FILE_APPENDER] - Active log file name: LOGS/request-response-logger.log
22:10:26,322 |-INFO in ch.qos.logback.core.rolling.RollingFileAppender[REQUEST_RESPONSE_FILE_APPENDER] - File property is set to [LOGS/request-response-logger.log]
22:10:26,322 |-INFO in ch.qos.logback.classic.model.processor.RootLoggerModelHandler - Setting level of ROOT logger to INFO
22:10:26,322 |-INFO in ch.qos.logback.classic.jul.LevelChangePropagator@48284d0e - Propagating INFO level on Logger[ROOT] onto the JUL framework
22:10:26,322 |-INFO in ch.qos.logback.core.model.processor.AppenderRefModelHandler - Attaching appender named [FILE_APPENDER] to Logger[ROOT]
22:10:26,322 |-INFO in ch.qos.logback.core.model.processor.AppenderRefModelHandler - Attaching appender named [CONSOLE] to Logger[ROOT]
22:10:26,322 |-INFO in ch.qos.logback.classic.model.processor.LoggerModelHandler - Setting level of logger [org.javaguru.travel.insurance.rest.logger.EventLoggerTravelCalculatePremiumRequest] to INFO
22:10:26,322 |-INFO in ch.qos.logback.classic.jul.LevelChangePropagator@48284d0e - Propagating INFO level on Logger[org.javaguru.travel.insurance.rest.logger.EventLoggerTravelCalculatePremiumRequest] onto the JUL framework
22:10:26,322 |-INFO in ch.qos.logback.core.model.processor.AppenderRefModelHandler - Attaching appender named [REQUEST_RESPONSE_FILE_APPENDER] to Logger[org.javaguru.travel.insurance.rest.logger.EventLoggerTravelCalculatePremiumRequest]
22:10:26,322 |-INFO in ch.qos.logback.classic.model.processor.LoggerModelHandler - Setting level of logger [org.javaguru.travel.insurance.rest.logger.EventLoggerTravelCalculatePremiumResponse] to INFO
22:10:26,322 |-INFO in ch.qos.logback.classic.jul.LevelChangePropagator@48284d0e - Propagating INFO level on Logger[org.javaguru.travel.insurance.rest.logger.EventLoggerTravelCalculatePremiumResponse] onto the JUL framework
22:10:26,322 |-INFO in ch.qos.logback.core.model.processor.AppenderRefModelHandler - Attaching appender named [REQUEST_RESPONSE_FILE_APPENDER] to Logger[org.javaguru.travel.insurance.rest.logger.EventLoggerTravelCalculatePremiumResponse]
22:10:26,322 |-INFO in ch.qos.logback.core.model.processor.DefaultProcessor@557286ad - End of configuration.
22:10:26,322 |-INFO in org.springframework.boot.logging.logback.SpringBootJoranConfigurator@b10a26d - Registering current configuration as safe fallback point


  .   ____          _            __ _ _
 /\\ / ___'_ __ _ _(_)_ __  __ _ \ \ \ \
( ( )\___ | '_ | '_| | '_ \/ _` | \ \ \ \
 \\/  ___)| |_)| | | | | || (_| |  ) ) ) )
  '  |____| .__|_| |_|_| |_\__, | / / / /
 =========|_|==============|___/=/_/_/_/
 :: Spring Boot ::                (v3.2.5)

22:10:26.381 [Test worker] ?[34mINFO ?[0;39m ?[36mo.j.t.i.r.TravelCalculatePremiumControllerTest?[0;39m – Starting TravelCalculatePremiumControllerTest using Java 21.0.6 with PID 17379 (started by a--- in /Users/a---/Desktop/My files/intelliJ IDEA FILE/InsurancePremiumServiceV2/V2)
22:10:26.382 [Test worker] ?[34mINFO ?[0;39m ?[36mo.j.t.i.r.TravelCalculatePremiumControllerTest?[0;39m – No active profile set, falling back to 1 default profile: "default"
22:10:26.816 [Test worker] ?[34mINFO ?[0;39m ?[36mo.s.d.r.c.RepositoryConfigurationDelegate?[0;39m – Bootstrapping Spring Data JPA repositories in DEFAULT mode.
22:10:26.849 [Test worker] ?[34mINFO ?[0;39m ?[36mo.s.d.r.c.RepositoryConfigurationDelegate?[0;39m – Finished Spring Data repository scanning in 29 ms. Found 5 JPA repository interfaces.
22:10:27.016 [Test worker] ?[34mINFO ?[0;39m ?[36mcom.zaxxer.hikari.HikariDataSource?[0;39m – HikariPool-1 - Starting...
22:10:27.116 [Test worker] ?[34mINFO ?[0;39m ?[36mcom.zaxxer.hikari.pool.HikariPool?[0;39m – HikariPool-1 - Added connection conn0: url=jdbc:h2:mem:testdb user=SA
22:10:27.117 [Test worker] ?[34mINFO ?[0;39m ?[36mcom.zaxxer.hikari.HikariDataSource?[0;39m – HikariPool-1 - Start completed.
22:10:27.188 [Test worker] ?[34mINFO ?[0;39m ?[36mo.h.jpa.internal.util.LogHelper?[0;39m – HHH000204: Processing PersistenceUnitInfo [name: default]
22:10:27.291 [Test worker] ?[34mINFO ?[0;39m ?[36morg.hibernate.Version?[0;39m – HHH000412: Hibernate ORM core version 6.5.0.Final
22:10:27.315 [Test worker] ?[34mINFO ?[0;39m ?[36mo.h.c.i.RegionFactoryInitiator?[0;39m – HHH000026: Second-level cache disabled
22:10:27.425 [Test worker] ?[34mINFO ?[0;39m ?[36mo.s.o.j.p.SpringPersistenceUnitInfo?[0;39m – No LoadTimeWeaver setup: ignoring JPA class transformer
22:10:27.449 [Test worker] ?[31mWARN ?[0;39m ?[36morg.hibernate.orm.deprecation?[0;39m – HHH90000025: H2Dialect does not need to be specified explicitly using 'hibernate.dialect' (remove the property setting and it will be selected by default)
22:10:27.844 [Test worker] ?[34mINFO ?[0;39m ?[36mo.h.e.t.j.p.i.JtaPlatformInitiator?[0;39m – HHH000489: No JTA platform available (set 'hibernate.transaction.jta.platform' to enable JTA platform integration)
22:10:27.861 [Test worker] ?[34mINFO ?[0;39m ?[36mo.s.o.j.LocalContainerEntityManagerFactoryBean?[0;39m – Initialized JPA EntityManagerFactory for persistence unit 'default'
22:10:27.971 [Test worker] ?[34mINFO ?[0;39m ?[36mo.s.d.j.r.query.QueryEnhancerFactory?[0;39m – Hibernate is in classpath; If applicable, HQL parser will be used.
22:10:28.340 [Test worker] ?[31mWARN ?[0;39m ?[36mo.s.b.a.o.j.JpaBaseConfiguration$JpaWebConfiguration?[0;39m – spring.jpa.open-in-view is enabled by default. Therefore, database queries may be performed during view rendering. Explicitly configure spring.jpa.open-in-view to disable this warning
22:10:28.522 [Test worker] ?[34mINFO ?[0;39m ?[36mo.s.b.t.m.w.SpringBootMockServletContext?[0;39m – Initializing Spring TestDispatcherServlet ''
22:10:28.522 [Test worker] ?[34mINFO ?[0;39m ?[36mo.s.t.w.s.TestDispatcherServlet?[0;39m – Initializing Servlet ''
22:10:28.524 [Test worker] ?[34mINFO ?[0;39m ?[36mo.s.t.w.s.TestDispatcherServlet?[0;39m – Completed initialization in 1 ms
22:10:28.542 [Test worker] ?[34mINFO ?[0;39m ?[36mo.j.t.i.r.TravelCalculatePremiumControllerTest?[0;39m – Started TravelCalculatePremiumControllerTest in 2.283 seconds (process running for 2.972)
22:10:28.966 [Test worker] ?[34mINFO ?[0;39m ?[36mo.j.t.i.r.v.l.EventLoggerTravelCalculatePremiumRequest?[0;39m – REQUEST: {"personFirstName":"John","personLastName":"Doe","dateOfBirth":"2002-01-23","agreementDateFrom":"2028-01-23","agreementDateTo":"2028-04-23","country":"JAPAN","medicalRiskLimitLevel":"LEVEL_15000","selectedRisks":["TRAVEL_MEDICAL","TRAVEL_CANCELLATION","TRAVEL_LOSS_BAGGAGE"]}
Hibernate: select cddr1_0.id,cddr1_0.country_ic,cddr1_0.default_day_rate from country_default_day_rate cddr1_0 where cddr1_0.country_ic=?
Hibernate: select cv1_0.id,cv1_0.classifier_id,cv1_0.description,cv1_0.ic from classifier_values cv1_0 left join classifiers c1_0 on c1_0.id=cv1_0.classifier_id where c1_0.title=? and cv1_0.ic=?
Hibernate: select c1_0.id,c1_0.description,c1_0.title from classifiers c1_0 where c1_0.id=?
Hibernate: select cv1_0.id,cv1_0.classifier_id,cv1_0.description,cv1_0.ic from classifier_values cv1_0 left join classifiers c1_0 on c1_0.id=cv1_0.classifier_id where c1_0.title=? and cv1_0.ic=?
Hibernate: select cv1_0.id,cv1_0.classifier_id,cv1_0.description,cv1_0.ic from classifier_values cv1_0 left join classifiers c1_0 on c1_0.id=cv1_0.classifier_id where c1_0.title=? and cv1_0.ic=?
Hibernate: select c1_0.id,c1_0.description,c1_0.title from classifiers c1_0 where c1_0.id=?
Hibernate: select cv1_0.id,cv1_0.classifier_id,cv1_0.description,cv1_0.ic from classifier_values cv1_0 left join classifiers c1_0 on c1_0.id=cv1_0.classifier_id where c1_0.title=? and cv1_0.ic=?
Hibernate: select cv1_0.id,cv1_0.classifier_id,cv1_0.description,cv1_0.ic from classifier_values cv1_0 left join classifiers c1_0 on c1_0.id=cv1_0.classifier_id where c1_0.title=? and cv1_0.ic=?
Hibernate: select cddr1_0.id,cddr1_0.country_ic,cddr1_0.default_day_rate from country_default_day_rate cddr1_0 where cddr1_0.country_ic=?
Hibernate: select ac1_0.id,ac1_0.age_from,ac1_0.age_to,ac1_0.coefficient from age_coefficient ac1_0 where ac1_0.age_from<=? and ac1_0.age_to>=?
Hibernate: select mrll1_0.id,mrll1_0.coefficient,mrll1_0.medical_risk_limit_level_ic from medical_risk_limit_level mrll1_0 where mrll1_0.medical_risk_limit_level_ic=?
22:10:29.029 [Test worker] ?[34mINFO ?[0;39m ?[36mo.j.t.i.r.v.l.EventLoggerTravelCalculatePremiumResponse?[0;39m – RESPONSE: {"errors":null,"personFirstName":"John","personLastName":"Doe","dateOfBirth":"2002-01-23","agreementDateFrom":"2028-01-23","agreementDateTo":"2028-04-23","country":"JAPAN","medicalRiskLimitLevel":"LEVEL_15000","agreementPremium":420.42,"risks":[{"riskIc":"TRAVEL_MEDICAL","premium":420.42},{"riskIc":"TRAVEL_CANCELLATION","premium":0},{"riskIc":"TRAVEL_LOSS_BAGGAGE","premium":0}]}
22:10:29.029 [Test worker] ?[34mINFO ?[0;39m ?[36mo.j.t.i.r.v.l.EventLoggerTravelCalculatePremiumRequestExecutionTime?[0;39m – Request processing time (ms): 69
22:10:29.055 [Test worker] ?[34mINFO ?[0;39m ?[36mo.j.t.i.r.v.l.EventLoggerTravelCalculatePremiumRequest?[0;39m – REQUEST: {"personFirstName":"John","personLastName":"Doe","dateOfBirth":"2026-01-23","agreementDateFrom":"2028-01-23","agreementDateTo":"2028-04-23","country":"JAPAN","medicalRiskLimitLevel":"LEVEL_15000","selectedRisks":["TRAVEL_MEDICAL","TRAVEL_CANCELLATION","TRAVEL_LOSS_BAGGAGE"]}
Hibernate: select cddr1_0.id,cddr1_0.country_ic,cddr1_0.default_day_rate from country_default_day_rate cddr1_0 where cddr1_0.country_ic=?
Hibernate: select cv1_0.id,cv1_0.classifier_id,cv1_0.description,cv1_0.ic from classifier_values cv1_0 left join classifiers c1_0 on c1_0.id=cv1_0.classifier_id where c1_0.title=? and cv1_0.ic=?
Hibernate: select c1_0.id,c1_0.description,c1_0.title from classifiers c1_0 where c1_0.id=?
Hibernate: select cv1_0.id,cv1_0.classifier_id,cv1_0.description,cv1_0.ic from classifier_values cv1_0 left join classifiers c1_0 on c1_0.id=cv1_0.classifier_id where c1_0.title=? and cv1_0.ic=?
Hibernate: select cv1_0.id,cv1_0.classifier_id,cv1_0.description,cv1_0.ic from classifier_values cv1_0 left join classifiers c1_0 on c1_0.id=cv1_0.classifier_id where c1_0.title=? and cv1_0.ic=?
Hibernate: select c1_0.id,c1_0.description,c1_0.title from classifiers c1_0 where c1_0.id=?
Hibernate: select cv1_0.id,cv1_0.classifier_id,cv1_0.description,cv1_0.ic from classifier_values cv1_0 left join classifiers c1_0 on c1_0.id=cv1_0.classifier_id where c1_0.title=? and cv1_0.ic=?
Hibernate: select cv1_0.id,cv1_0.classifier_id,cv1_0.description,cv1_0.ic from classifier_values cv1_0 left join classifiers c1_0 on c1_0.id=cv1_0.classifier_id where c1_0.title=? and cv1_0.ic=?
22:10:29.062 [Test worker] ?[34mINFO ?[0;39m ?[36mo.j.t.i.r.v.l.EventLoggerTravelCalculatePremiumResponse?[0;39m – RESPONSE: {"errors":[{"errorCode":"ERROR_CODE_12","description":"Date of birth must not be in the future!"}],"personFirstName":null,"personLastName":null,"dateOfBirth":null,"agreementDateFrom":null,"agreementDateTo":null,"country":null,"medicalRiskLimitLevel":null,"agreementPremium":null,"risks":null}
22:10:29.062 [Test worker] ?[34mINFO ?[0;39m ?[36mo.j.t.i.r.v.l.EventLoggerTravelCalculatePremiumRequestExecutionTime?[0;39m – Request processing time (ms): 7
22:10:29.068 [Test worker] ?[34mINFO ?[0;39m ?[36mo.j.t.i.r.v.l.EventLoggerTravelCalculatePremiumRequest?[0;39m – REQUEST: {"personFirstName":"John","personLastName":"Doe","dateOfBirth":null,"agreementDateFrom":"2028-01-23","agreementDateTo":"2028-04-23","country":"JAPAN","medicalRiskLimitLevel":"LEVEL_15000","selectedRisks":["TRAVEL_MEDICAL","TRAVEL_CANCELLATION","TRAVEL_LOSS_BAGGAGE"]}
Hibernate: select cddr1_0.id,cddr1_0.country_ic,cddr1_0.default_day_rate from country_default_day_rate cddr1_0 where cddr1_0.country_ic=?
Hibernate: select cv1_0.id,cv1_0.classifier_id,cv1_0.description,cv1_0.ic from classifier_values cv1_0 left join classifiers c1_0 on c1_0.id=cv1_0.classifier_id where c1_0.title=? and cv1_0.ic=?
Hibernate: select c1_0.id,c1_0.description,c1_0.title from classifiers c1_0 where c1_0.id=?
Hibernate: select cv1_0.id,cv1_0.classifier_id,cv1_0.description,cv1_0.ic from classifier_values cv1_0 left join classifiers c1_0 on c1_0.id=cv1_0.classifier_id where c1_0.title=? and cv1_0.ic=?
Hibernate: select cv1_0.id,cv1_0.classifier_id,cv1_0.description,cv1_0.ic from classifier_values cv1_0 left join classifiers c1_0 on c1_0.id=cv1_0.classifier_id where c1_0.title=? and cv1_0.ic=?
Hibernate: select c1_0.id,c1_0.description,c1_0.title from classifiers c1_0 where c1_0.id=?
Hibernate: select cv1_0.id,cv1_0.classifier_id,cv1_0.description,cv1_0.ic from classifier_values cv1_0 left join classifiers c1_0 on c1_0.id=cv1_0.classifier_id where c1_0.title=? and cv1_0.ic=?
Hibernate: select cv1_0.id,cv1_0.classifier_id,cv1_0.description,cv1_0.ic from classifier_values cv1_0 left join classifiers c1_0 on c1_0.id=cv1_0.classifier_id where c1_0.title=? and cv1_0.ic=?
22:10:29.073 [Test worker] ?[34mINFO ?[0;39m ?[36mo.j.t.i.r.v.l.EventLoggerTravelCalculatePremiumResponse?[0;39m – RESPONSE: {"errors":[{"errorCode":"ERROR_CODE_11","description":"Date of birth must not be null!"}],"personFirstName":null,"personLastName":null,"dateOfBirth":null,"agreementDateFrom":null,"agreementDateTo":null,"country":null,"medicalRiskLimitLevel":null,"agreementPremium":null,"risks":null}
22:10:29.073 [Test worker] ?[34mINFO ?[0;39m ?[36mo.j.t.i.r.v.l.EventLoggerTravelCalculatePremiumRequestExecutionTime?[0;39m – Request processing time (ms): 5
22:10:29.078 [Test worker] ?[34mINFO ?[0;39m ?[36mo.j.t.i.r.v.l.EventLoggerTravelCalculatePremiumRequest?[0;39m – REQUEST: {"personFirstName":"John","personLastName":"Doe","dateOfBirth":"2026-01-23","agreementDateFrom":"2028-01-23","agreementDateTo":"2028-04-23","country":"JAPAN","medicalRiskLimitLevel":"LEVEL_55555","selectedRisks":["TRAVEL_MEDICAL","TRAVEL_CANCELLATION","TRAVEL_LOSS_BAGGAGE"]}
Hibernate: select cddr1_0.id,cddr1_0.country_ic,cddr1_0.default_day_rate from country_default_day_rate cddr1_0 where cddr1_0.country_ic=?
Hibernate: select cv1_0.id,cv1_0.classifier_id,cv1_0.description,cv1_0.ic from classifier_values cv1_0 left join classifiers c1_0 on c1_0.id=cv1_0.classifier_id where c1_0.title=? and cv1_0.ic=?
Hibernate: select cv1_0.id,cv1_0.classifier_id,cv1_0.description,cv1_0.ic from classifier_values cv1_0 left join classifiers c1_0 on c1_0.id=cv1_0.classifier_id where c1_0.title=? and cv1_0.ic=?
Hibernate: select cv1_0.id,cv1_0.classifier_id,cv1_0.description,cv1_0.ic from classifier_values cv1_0 left join classifiers c1_0 on c1_0.id=cv1_0.classifier_id where c1_0.title=? and cv1_0.ic=?
Hibernate: select c1_0.id,c1_0.description,c1_0.title from classifiers c1_0 where c1_0.id=?
Hibernate: select cv1_0.id,cv1_0.classifier_id,cv1_0.description,cv1_0.ic from classifier_values cv1_0 left join classifiers c1_0 on c1_0.id=cv1_0.classifier_id where c1_0.title=? and cv1_0.ic=?
Hibernate: select cv1_0.id,cv1_0.classifier_id,cv1_0.description,cv1_0.ic from classifier_values cv1_0 left join classifiers c1_0 on c1_0.id=cv1_0.classifier_id where c1_0.title=? and cv1_0.ic=?
22:10:29.083 [Test worker] ?[34mINFO ?[0;39m ?[36mo.j.t.i.r.v.l.EventLoggerTravelCalculatePremiumResponse?[0;39m – RESPONSE: {"errors":[{"errorCode":"ERROR_CODE_12","description":"Date of birth must not be in the future!"},{"errorCode":"ERROR_CODE_14","description":"MedicalRiskLimitLevel not in database!"},{"errorCode":"ERROR_CODE_13","description":"MedicalRiskLimitLevel value not supported!"}],"personFirstName":null,"personLastName":null,"dateOfBirth":null,"agreementDateFrom":null,"agreementDateTo":null,"country":null,"medicalRiskLimitLevel":null,"agreementPremium":null,"risks":null}
22:10:29.083 [Test worker] ?[34mINFO ?[0;39m ?[36mo.j.t.i.r.v.l.EventLoggerTravelCalculatePremiumRequestExecutionTime?[0;39m – Request processing time (ms): 5
22:10:29.088 [Test worker] ?[34mINFO ?[0;39m ?[36mo.j.t.i.r.v.l.EventLoggerTravelCalculatePremiumRequest?[0;39m – REQUEST: {"personFirstName":"","personLastName":"Doe","dateOfBirth":"2002-01-23","agreementDateFrom":"2021-01-23","agreementDateTo":"2028-04-23","country":"LATVIA","medicalRiskLimitLevel":"LEVEL_15000","selectedRisks":["TRAVEL_MEDICAL","TRAVEL_CANCELLATION","TRAVEL_LOSS_BAGGAGE"]}
Hibernate: select cddr1_0.id,cddr1_0.country_ic,cddr1_0.default_day_rate from country_default_day_rate cddr1_0 where cddr1_0.country_ic=?
Hibernate: select cv1_0.id,cv1_0.classifier_id,cv1_0.description,cv1_0.ic from classifier_values cv1_0 left join classifiers c1_0 on c1_0.id=cv1_0.classifier_id where c1_0.title=? and cv1_0.ic=?
Hibernate: select c1_0.id,c1_0.description,c1_0.title from classifiers c1_0 where c1_0.id=?
Hibernate: select cv1_0.id,cv1_0.classifier_id,cv1_0.description,cv1_0.ic from classifier_values cv1_0 left join classifiers c1_0 on c1_0.id=cv1_0.classifier_id where c1_0.title=? and cv1_0.ic=?
Hibernate: select cv1_0.id,cv1_0.classifier_id,cv1_0.description,cv1_0.ic from classifier_values cv1_0 left join classifiers c1_0 on c1_0.id=cv1_0.classifier_id where c1_0.title=? and cv1_0.ic=?
Hibernate: select c1_0.id,c1_0.description,c1_0.title from classifiers c1_0 where c1_0.id=?
Hibernate: select cv1_0.id,cv1_0.classifier_id,cv1_0.description,cv1_0.ic from classifier_values cv1_0 left join classifiers c1_0 on c1_0.id=cv1_0.classifier_id where c1_0.title=? and cv1_0.ic=?
Hibernate: select cv1_0.id,cv1_0.classifier_id,cv1_0.description,cv1_0.ic from classifier_values cv1_0 left join classifiers c1_0 on c1_0.id=cv1_0.classifier_id where c1_0.title=? and cv1_0.ic=?
22:10:29.092 [Test worker] ?[34mINFO ?[0;39m ?[36mo.j.t.i.r.v.l.EventLoggerTravelCalculatePremiumResponse?[0;39m – RESPONSE: {"errors":[{"errorCode":"ERROR_CODE_1","description":"Field personFirstName is empty!"},{"errorCode":"ERROR_CODE_6","description":"Both DateFrom and DateTo must be in the future!"}],"personFirstName":null,"personLastName":null,"dateOfBirth":null,"agreementDateFrom":null,"agreementDateTo":null,"country":null,"medicalRiskLimitLevel":null,"agreementPremium":null,"risks":null}
22:10:29.092 [Test worker] ?[34mINFO ?[0;39m ?[36mo.j.t.i.r.v.l.EventLoggerTravelCalculatePremiumRequestExecutionTime?[0;39m – Request processing time (ms): 4
22:10:29.097 [Test worker] ?[34mINFO ?[0;39m ?[36mo.j.t.i.r.v.l.EventLoggerTravelCalculatePremiumRequest?[0;39m – REQUEST: {"personFirstName":"","personLastName":"","dateOfBirth":"2002-01-23","agreementDateFrom":"2020-01-23","agreementDateTo":"2019-04-23","country":"LATVIA","medicalRiskLimitLevel":"LEVEL_15000","selectedRisks":[]}
Hibernate: select cddr1_0.id,cddr1_0.country_ic,cddr1_0.default_day_rate from country_default_day_rate cddr1_0 where cddr1_0.country_ic=?
Hibernate: select cv1_0.id,cv1_0.classifier_id,cv1_0.description,cv1_0.ic from classifier_values cv1_0 left join classifiers c1_0 on c1_0.id=cv1_0.classifier_id where c1_0.title=? and cv1_0.ic=?
Hibernate: select c1_0.id,c1_0.description,c1_0.title from classifiers c1_0 where c1_0.id=?
22:10:29.099 [Test worker] ?[34mINFO ?[0;39m ?[36mo.j.t.i.r.v.l.EventLoggerTravelCalculatePremiumResponse?[0;39m – RESPONSE: {"errors":[{"errorCode":"ERROR_CODE_1","description":"Field personFirstName is empty!"},{"errorCode":"ERROR_CODE_2","description":"Field personLastName is empty!"},{"errorCode":"ERROR_CODE_6","description":"Both DateFrom and DateTo must be in the future!"},{"errorCode":"ERROR_CODE_5","description":"DateTo must not be less DateFrom!"},{"errorCode":"ERROR_CODE_7","description":"Must not be empty!"}],"personFirstName":null,"personLastName":null,"dateOfBirth":null,"agreementDateFrom":null,"agreementDateTo":null,"country":null,"medicalRiskLimitLevel":null,"agreementPremium":null,"risks":null}
22:10:29.100 [Test worker] ?[34mINFO ?[0;39m ?[36mo.j.t.i.r.v.l.EventLoggerTravelCalculatePremiumRequestExecutionTime?[0;39m – Request processing time (ms): 2
22:10:29.104 [Test worker] ?[34mINFO ?[0;39m ?[36mo.j.t.i.r.v.l.EventLoggerTravelCalculatePremiumRequest?[0;39m – REQUEST: {"personFirstName":"John","personLastName":"Doe","dateOfBirth":"2002-01-23","agreementDateFrom":null,"agreementDateTo":"2028-04-23","country":"None","medicalRiskLimitLevel":"LEVEL_15000","selectedRisks":["TRAVEL_MEDICAL","TRAVEL_CANCELLATION","TRAVEL_LOSS_BAGGAGE"]}
Hibernate: select cddr1_0.id,cddr1_0.country_ic,cddr1_0.default_day_rate from country_default_day_rate cddr1_0 where cddr1_0.country_ic=?
Hibernate: select cv1_0.id,cv1_0.classifier_id,cv1_0.description,cv1_0.ic from classifier_values cv1_0 left join classifiers c1_0 on c1_0.id=cv1_0.classifier_id where c1_0.title=? and cv1_0.ic=?
Hibernate: select c1_0.id,c1_0.description,c1_0.title from classifiers c1_0 where c1_0.id=?
Hibernate: select cv1_0.id,cv1_0.classifier_id,cv1_0.description,cv1_0.ic from classifier_values cv1_0 left join classifiers c1_0 on c1_0.id=cv1_0.classifier_id where c1_0.title=? and cv1_0.ic=?
Hibernate: select cv1_0.id,cv1_0.classifier_id,cv1_0.description,cv1_0.ic from classifier_values cv1_0 left join classifiers c1_0 on c1_0.id=cv1_0.classifier_id where c1_0.title=? and cv1_0.ic=?
Hibernate: select c1_0.id,c1_0.description,c1_0.title from classifiers c1_0 where c1_0.id=?
Hibernate: select cv1_0.id,cv1_0.classifier_id,cv1_0.description,cv1_0.ic from classifier_values cv1_0 left join classifiers c1_0 on c1_0.id=cv1_0.classifier_id where c1_0.title=? and cv1_0.ic=?
Hibernate: select cv1_0.id,cv1_0.classifier_id,cv1_0.description,cv1_0.ic from classifier_values cv1_0 left join classifiers c1_0 on c1_0.id=cv1_0.classifier_id where c1_0.title=? and cv1_0.ic=?
22:10:29.108 [Test worker] ?[34mINFO ?[0;39m ?[36mo.j.t.i.r.v.l.EventLoggerTravelCalculatePremiumResponse?[0;39m – RESPONSE: {"errors":[{"errorCode":"ERROR_CODE_9","description":"Country not in database!"},{"errorCode":"ERROR_CODE_3","description":"DateFrom must not be null!"}],"personFirstName":null,"personLastName":null,"dateOfBirth":null,"agreementDateFrom":null,"agreementDateTo":null,"country":null,"medicalRiskLimitLevel":null,"agreementPremium":null,"risks":null}
22:10:29.109 [Test worker] ?[34mINFO ?[0;39m ?[36mo.j.t.i.r.v.l.EventLoggerTravelCalculatePremiumRequestExecutionTime?[0;39m – Request processing time (ms): 4
22:10:29.113 [Test worker] ?[34mINFO ?[0;39m ?[36mo.j.t.i.r.v.l.EventLoggerTravelCalculatePremiumRequest?[0;39m – REQUEST: {"personFirstName":"John","personLastName":"Doe","dateOfBirth":"2002-01-23","agreementDateFrom":"2028-01-23","agreementDateTo":null,"country":"None","medicalRiskLimitLevel":"LEVEL_15000","selectedRisks":["TRAVEL_MEDICAL","TRAVEL_CANCELLATION","TRAVEL_LOSS_BAGGAGE"]}
Hibernate: select cddr1_0.id,cddr1_0.country_ic,cddr1_0.default_day_rate from country_default_day_rate cddr1_0 where cddr1_0.country_ic=?
Hibernate: select cv1_0.id,cv1_0.classifier_id,cv1_0.description,cv1_0.ic from classifier_values cv1_0 left join classifiers c1_0 on c1_0.id=cv1_0.classifier_id where c1_0.title=? and cv1_0.ic=?
Hibernate: select c1_0.id,c1_0.description,c1_0.title from classifiers c1_0 where c1_0.id=?
Hibernate: select cv1_0.id,cv1_0.classifier_id,cv1_0.description,cv1_0.ic from classifier_values cv1_0 left join classifiers c1_0 on c1_0.id=cv1_0.classifier_id where c1_0.title=? and cv1_0.ic=?
Hibernate: select cv1_0.id,cv1_0.classifier_id,cv1_0.description,cv1_0.ic from classifier_values cv1_0 left join classifiers c1_0 on c1_0.id=cv1_0.classifier_id where c1_0.title=? and cv1_0.ic=?
Hibernate: select c1_0.id,c1_0.description,c1_0.title from classifiers c1_0 where c1_0.id=?
Hibernate: select cv1_0.id,cv1_0.classifier_id,cv1_0.description,cv1_0.ic from classifier_values cv1_0 left join classifiers c1_0 on c1_0.id=cv1_0.classifier_id where c1_0.title=? and cv1_0.ic=?
Hibernate: select cv1_0.id,cv1_0.classifier_id,cv1_0.description,cv1_0.ic from classifier_values cv1_0 left join classifiers c1_0 on c1_0.id=cv1_0.classifier_id where c1_0.title=? and cv1_0.ic=?
22:10:29.117 [Test worker] ?[34mINFO ?[0;39m ?[36mo.j.t.i.r.v.l.EventLoggerTravelCalculatePremiumResponse?[0;39m – RESPONSE: {"errors":[{"errorCode":"ERROR_CODE_9","description":"Country not in database!"},{"errorCode":"ERROR_CODE_4","description":"DateTo must not be null!"}],"personFirstName":null,"personLastName":null,"dateOfBirth":null,"agreementDateFrom":null,"agreementDateTo":null,"country":null,"medicalRiskLimitLevel":null,"agreementPremium":null,"risks":null}
22:10:29.117 [Test worker] ?[34mINFO ?[0;39m ?[36mo.j.t.i.r.v.l.EventLoggerTravelCalculatePremiumRequestExecutionTime?[0;39m – Request processing time (ms): 4
22:10:29.122 [Test worker] ?[34mINFO ?[0;39m ?[36mo.j.t.i.r.v.l.EventLoggerTravelCalculatePremiumRequest?[0;39m – REQUEST: {"personFirstName":"John","personLastName":"Doe","dateOfBirth":"2002-01-23","agreementDateFrom":"2028-04-23","agreementDateTo":"2028-01-23","country":"JAPAN","medicalRiskLimitLevel":"LEVEL_15000","selectedRisks":["TRAVEL_MEDICAL","TRAVEL_CANCELLATION","TRAVEL_LOSS_BAGGAGE"]}
Hibernate: select cddr1_0.id,cddr1_0.country_ic,cddr1_0.default_day_rate from country_default_day_rate cddr1_0 where cddr1_0.country_ic=?
Hibernate: select cv1_0.id,cv1_0.classifier_id,cv1_0.description,cv1_0.ic from classifier_values cv1_0 left join classifiers c1_0 on c1_0.id=cv1_0.classifier_id where c1_0.title=? and cv1_0.ic=?
Hibernate: select c1_0.id,c1_0.description,c1_0.title from classifiers c1_0 where c1_0.id=?
Hibernate: select cv1_0.id,cv1_0.classifier_id,cv1_0.description,cv1_0.ic from classifier_values cv1_0 left join classifiers c1_0 on c1_0.id=cv1_0.classifier_id where c1_0.title=? and cv1_0.ic=?
Hibernate: select cv1_0.id,cv1_0.classifier_id,cv1_0.description,cv1_0.ic from classifier_values cv1_0 left join classifiers c1_0 on c1_0.id=cv1_0.classifier_id where c1_0.title=? and cv1_0.ic=?
Hibernate: select c1_0.id,c1_0.description,c1_0.title from classifiers c1_0 where c1_0.id=?
Hibernate: select cv1_0.id,cv1_0.classifier_id,cv1_0.description,cv1_0.ic from classifier_values cv1_0 left join classifiers c1_0 on c1_0.id=cv1_0.classifier_id where c1_0.title=? and cv1_0.ic=?
Hibernate: select cv1_0.id,cv1_0.classifier_id,cv1_0.description,cv1_0.ic from classifier_values cv1_0 left join classifiers c1_0 on c1_0.id=cv1_0.classifier_id where c1_0.title=? and cv1_0.ic=?
22:10:29.126 [Test worker] ?[34mINFO ?[0;39m ?[36mo.j.t.i.r.v.l.EventLoggerTravelCalculatePremiumResponse?[0;39m – RESPONSE: {"errors":[{"errorCode":"ERROR_CODE_5","description":"DateTo must not be less DateFrom!"}],"personFirstName":null,"personLastName":null,"dateOfBirth":null,"agreementDateFrom":null,"agreementDateTo":null,"country":null,"medicalRiskLimitLevel":null,"agreementPremium":null,"risks":null}
22:10:29.127 [Test worker] ?[34mINFO ?[0;39m ?[36mo.j.t.i.r.v.l.EventLoggerTravelCalculatePremiumRequestExecutionTime?[0;39m – Request processing time (ms): 4
22:10:29.131 [Test worker] ?[34mINFO ?[0;39m ?[36mo.j.t.i.r.v.l.EventLoggerTravelCalculatePremiumRequest?[0;39m – REQUEST: {"personFirstName":"John","personLastName":"Doe","dateOfBirth":"2002-01-23","agreementDateFrom":"2020-01-23","agreementDateTo":"2020-04-23","country":"LATVIA","medicalRiskLimitLevel":"LEVEL_15000","selectedRisks":["TRAVEL_MEDICAL","TRAVEL_CANCELLATION","TRAVEL_LOSS_BAGGAGE"]}
Hibernate: select cddr1_0.id,cddr1_0.country_ic,cddr1_0.default_day_rate from country_default_day_rate cddr1_0 where cddr1_0.country_ic=?
Hibernate: select cv1_0.id,cv1_0.classifier_id,cv1_0.description,cv1_0.ic from classifier_values cv1_0 left join classifiers c1_0 on c1_0.id=cv1_0.classifier_id where c1_0.title=? and cv1_0.ic=?
Hibernate: select c1_0.id,c1_0.description,c1_0.title from classifiers c1_0 where c1_0.id=?
Hibernate: select cv1_0.id,cv1_0.classifier_id,cv1_0.description,cv1_0.ic from classifier_values cv1_0 left join classifiers c1_0 on c1_0.id=cv1_0.classifier_id where c1_0.title=? and cv1_0.ic=?
Hibernate: select cv1_0.id,cv1_0.classifier_id,cv1_0.description,cv1_0.ic from classifier_values cv1_0 left join classifiers c1_0 on c1_0.id=cv1_0.classifier_id where c1_0.title=? and cv1_0.ic=?
Hibernate: select c1_0.id,c1_0.description,c1_0.title from classifiers c1_0 where c1_0.id=?
Hibernate: select cv1_0.id,cv1_0.classifier_id,cv1_0.description,cv1_0.ic from classifier_values cv1_0 left join classifiers c1_0 on c1_0.id=cv1_0.classifier_id where c1_0.title=? and cv1_0.ic=?
Hibernate: select cv1_0.id,cv1_0.classifier_id,cv1_0.description,cv1_0.ic from classifier_values cv1_0 left join classifiers c1_0 on c1_0.id=cv1_0.classifier_id where c1_0.title=? and cv1_0.ic=?
22:10:29.136 [Test worker] ?[34mINFO ?[0;39m ?[36mo.j.t.i.r.v.l.EventLoggerTravelCalculatePremiumResponse?[0;39m – RESPONSE: {"errors":[{"errorCode":"ERROR_CODE_6","description":"Both DateFrom and DateTo must be in the future!"}],"personFirstName":null,"personLastName":null,"dateOfBirth":null,"agreementDateFrom":null,"agreementDateTo":null,"country":null,"medicalRiskLimitLevel":null,"agreementPremium":null,"risks":null}
22:10:29.136 [Test worker] ?[34mINFO ?[0;39m ?[36mo.j.t.i.r.v.l.EventLoggerTravelCalculatePremiumRequestExecutionTime?[0;39m – Request processing time (ms): 5
22:10:29.142 [Test worker] ?[34mINFO ?[0;39m ?[36mo.j.t.i.r.v.l.EventLoggerTravelCalculatePremiumRequest?[0;39m – REQUEST: {"personFirstName":"John","personLastName":"Doe","dateOfBirth":"2002-01-23","agreementDateFrom":"2020-01-23","agreementDateTo":"2020-04-23","country":"LATVIA","medicalRiskLimitLevel":"LEVEL_15000","selectedRisks":["TRAMEDICAL","TRAVEL_CANCEL","TRAVEL_LOSS_BAE"]}
Hibernate: select cddr1_0.id,cddr1_0.country_ic,cddr1_0.default_day_rate from country_default_day_rate cddr1_0 where cddr1_0.country_ic=?
Hibernate: select cv1_0.id,cv1_0.classifier_id,cv1_0.description,cv1_0.ic from classifier_values cv1_0 left join classifiers c1_0 on c1_0.id=cv1_0.classifier_id where c1_0.title=? and cv1_0.ic=?
Hibernate: select c1_0.id,c1_0.description,c1_0.title from classifiers c1_0 where c1_0.id=?
Hibernate: select cv1_0.id,cv1_0.classifier_id,cv1_0.description,cv1_0.ic from classifier_values cv1_0 left join classifiers c1_0 on c1_0.id=cv1_0.classifier_id where c1_0.title=? and cv1_0.ic=?
Hibernate: select cv1_0.id,cv1_0.classifier_id,cv1_0.description,cv1_0.ic from classifier_values cv1_0 left join classifiers c1_0 on c1_0.id=cv1_0.classifier_id where c1_0.title=? and cv1_0.ic=?
Hibernate: select cv1_0.id,cv1_0.classifier_id,cv1_0.description,cv1_0.ic from classifier_values cv1_0 left join classifiers c1_0 on c1_0.id=cv1_0.classifier_id where c1_0.title=? and cv1_0.ic=?
22:10:29.146 [Test worker] ?[34mINFO ?[0;39m ?[36mo.j.t.i.r.v.l.EventLoggerTravelCalculatePremiumResponse?[0;39m – RESPONSE: {"errors":[{"errorCode":"ERROR_CODE_6","description":"Both DateFrom and DateTo must be in the future!"},{"errorCode":"ERROR_CODE_8","description":"Risk Type ic = TRAMEDICAL not supported!"},{"errorCode":"ERROR_CODE_8","description":"Risk Type ic = TRAVEL_CANCEL not supported!"},{"errorCode":"ERROR_CODE_8","description":"Risk Type ic = TRAVEL_LOSS_BAE not supported!"}],"personFirstName":null,"personLastName":null,"dateOfBirth":null,"agreementDateFrom":null,"agreementDateTo":null,"country":null,"medicalRiskLimitLevel":null,"agreementPremium":null,"risks":null}
22:10:29.146 [Test worker] ?[34mINFO ?[0;39m ?[36mo.j.t.i.r.v.l.EventLoggerTravelCalculatePremiumRequestExecutionTime?[0;39m – Request processing time (ms): 4
22:10:29.150 [Test worker] ?[34mINFO ?[0;39m ?[36mo.j.t.i.r.v.l.EventLoggerTravelCalculatePremiumRequest?[0;39m – REQUEST: {"personFirstName":"John","personLastName":"Doe","dateOfBirth":"2002-01-23","agreementDateFrom":"2020-01-23","agreementDateTo":"2020-04-23","country":"None","medicalRiskLimitLevel":"LEVEL_15000","selectedRisks":["TRAMEDICAL","","TRAVEL_LOSS_BAE"]}
Hibernate: select cddr1_0.id,cddr1_0.country_ic,cddr1_0.default_day_rate from country_default_day_rate cddr1_0 where cddr1_0.country_ic=?
Hibernate: select cv1_0.id,cv1_0.classifier_id,cv1_0.description,cv1_0.ic from classifier_values cv1_0 left join classifiers c1_0 on c1_0.id=cv1_0.classifier_id where c1_0.title=? and cv1_0.ic=?
Hibernate: select c1_0.id,c1_0.description,c1_0.title from classifiers c1_0 where c1_0.id=?
Hibernate: select cv1_0.id,cv1_0.classifier_id,cv1_0.description,cv1_0.ic from classifier_values cv1_0 left join classifiers c1_0 on c1_0.id=cv1_0.classifier_id where c1_0.title=? and cv1_0.ic=?
Hibernate: select cv1_0.id,cv1_0.classifier_id,cv1_0.description,cv1_0.ic from classifier_values cv1_0 left join classifiers c1_0 on c1_0.id=cv1_0.classifier_id where c1_0.title=? and cv1_0.ic=?
Hibernate: select cv1_0.id,cv1_0.classifier_id,cv1_0.description,cv1_0.ic from classifier_values cv1_0 left join classifiers c1_0 on c1_0.id=cv1_0.classifier_id where c1_0.title=? and cv1_0.ic=?
22:10:29.154 [Test worker] ?[34mINFO ?[0;39m ?[36mo.j.t.i.r.v.l.EventLoggerTravelCalculatePremiumResponse?[0;39m – RESPONSE: {"errors":[{"errorCode":"ERROR_CODE_9","description":"Country not in database!"},{"errorCode":"ERROR_CODE_6","description":"Both DateFrom and DateTo must be in the future!"},{"errorCode":"ERROR_CODE_7","description":"Must not be empty!"},{"errorCode":"ERROR_CODE_8","description":"Risk Type ic = TRAMEDICAL not supported!"},{"errorCode":"ERROR_CODE_8","description":"Risk Type ic =  not supported!"},{"errorCode":"ERROR_CODE_8","description":"Risk Type ic = TRAVEL_LOSS_BAE not supported!"}],"personFirstName":null,"personLastName":null,"dateOfBirth":null,"agreementDateFrom":null,"agreementDateTo":null,"country":null,"medicalRiskLimitLevel":null,"agreementPremium":null,"risks":null}
22:10:29.154 [Test worker] ?[34mINFO ?[0;39m ?[36mo.j.t.i.r.v.l.EventLoggerTravelCalculatePremiumRequestExecutionTime?[0;39m – Request processing time (ms): 4
]]></system-out>
  <system-err><![CDATA[Mockito is currently self-attaching to enable the inline-mock-maker. This will no longer work in future releases of the JDK. Please add Mockito as an agent to your build as described in Mockito's documentation: https://javadoc.io/doc/org.mockito/mockito-core/latest/org/mockito/Mockito.html#0.3
WARNING: A Java agent has been loaded dynamically (/Users/a---/.gradle/caches/modules-2/files-2.1/net.bytebuddy/byte-buddy-agent/1.15.11/a38b16385e867f59a641330f0362ebe742788ed8/byte-buddy-agent-1.15.11.jar)
WARNING: If a serviceability tool is in use, please run with -XX:+EnableDynamicAgentLoading to hide this warning
WARNING: If a serviceability tool is not in use, please run with -Djdk.instrument.traceUsage for more information
WARNING: Dynamic loading of agents will be disallowed by default in a future release
]]></system-err>
</testsuite>
