<?xml version="1.0" encoding="UTF-8"?>
<testsuite name="org.javaguru.travel.insurance.core.underwriting.calculators.medical.MedicalRiskLimitLevelCalculatingTest" tests="1" skipped="0" failures="0" errors="0" timestamp="2025-03-28T13:06:39" hostname="Nikita.lan" time="0.033">
  <properties/>
  <testcase name="shouldReturnCorrectAgeCoefficient()" classname="org.javaguru.travel.insurance.core.underwriting.calculators.medical.MedicalRiskLimitLevelCalculatingTest" time="0.033"/>
  <system-out><![CDATA[]]></system-out>
  <system-err><![CDATA[]]></system-err>
</testsuite>
