<?xml version="1.0" encoding="UTF-8"?>
<testsuite name="org.javaguru.travel.insurance.core.validations.agreement.MedicalRiskLimitLevelInDBValidationTest" tests="3" skipped="0" failures="0" errors="0" timestamp="2025-03-27T22:59:31" hostname="Nikita.lan" time="0.061">
  <properties/>
  <testcase name="shouldNotReturnErrorWhenMedicalRiskLimitLevelExistInDb()" classname="org.javaguru.travel.insurance.core.validations.agreement.MedicalRiskLimitLevelInDBValidationTest" time="0.036"/>
  <testcase name="shouldReturnErrorWhenMedicalRiskLimitLevelNotExistInDb()" classname="org.javaguru.travel.insurance.core.validations.agreement.MedicalRiskLimitLevelInDBValidationTest" time="0.024"/>
  <testcase name="shouldReturnErrorWhenMedicalRiskLimitLevelIsBlank()" classname="org.javaguru.travel.insurance.core.validations.agreement.MedicalRiskLimitLevelInDBValidationTest" time="0.001"/>
  <system-out><![CDATA[]]></system-out>
  <system-err><![CDATA[]]></system-err>
</testsuite>
