<?xml version="1.0" encoding="UTF-8"?>
<testsuite name="org.javaguru.travel.insurance.core.services.TravelCalculatePremiumServiceImplTest" tests="3" skipped="0" failures="0" errors="0" timestamp="2025-03-28T13:06:38" hostname="Nikita.lan" time="0.11">
  <properties/>
  <testcase name="Test()" classname="org.javaguru.travel.insurance.core.services.TravelCalculatePremiumServiceImplTest" time="0.094"/>
  <testcase name="shouldCalculateAgreementTotalPremium()" classname="org.javaguru.travel.insurance.core.services.TravelCalculatePremiumServiceImplTest" time="0.006"/>
  <testcase name="shouldCalculatePersonsPremium()" classname="org.javaguru.travel.insurance.core.services.TravelCalculatePremiumServiceImplTest" time="0.006"/>
  <system-out><![CDATA[]]></system-out>
  <system-err><![CDATA[]]></system-err>
</testsuite>
