<?xml version="1.0" encoding="UTF-8"?>
<testsuite name="org.javaguru.travel.insurance.core.util.DateTimeServiceTest" tests="3" skipped="0" failures="0" errors="0" timestamp="2025-03-27T22:59:31" hostname="Nikita.lan" time="0.008">
  <properties/>
  <testcase name="Тест: проверка на вывод нуля" classname="org.javaguru.travel.insurance.core.util.DateTimeServiceTest" time="0.002"/>
  <testcase name="Тест: проверка на вывод положительного числа" classname="org.javaguru.travel.insurance.core.util.DateTimeServiceTest" time="0.002"/>
  <testcase name="Тест: проверка на вывод отрицательного числа" classname="org.javaguru.travel.insurance.core.util.DateTimeServiceTest" time="0.003"/>
  <system-out><![CDATA[]]></system-out>
  <system-err><![CDATA[]]></system-err>
</testsuite>
