<?xml version="1.0" encoding="UTF-8"?>
<testsuite name="org.javaguru.travel.insurance.core.validations.agreement.CountryInDataBaseValidatorTest" tests="2" skipped="0" failures="0" errors="0" timestamp="2025-03-28T13:06:39" hostname="Nikita.lan" time="0.026">
  <properties/>
  <testcase name="Тест: Страна нет в БД" classname="org.javaguru.travel.insurance.core.validations.agreement.CountryInDataBaseValidatorTest" time="0.025"/>
  <testcase name="Тест: Страна есть в БД" classname="org.javaguru.travel.insurance.core.validations.agreement.CountryInDataBaseValidatorTest" time="0.001"/>
  <system-out><![CDATA[]]></system-out>
  <system-err><![CDATA[]]></system-err>
</testsuite>
