<?xml version="1.0" encoding="UTF-8"?>
<testsuite name="org.javaguru.travel.insurance.core.validations.agreement.MedicalRiskLimitLevelValidationTest" tests="5" skipped="0" failures="0" errors="0" timestamp="2025-03-27T22:59:31" hostname="Nikita.lan" time="0.027">
  <properties/>
  <testcase name="shouldNotReturnErrorWhenMedicalRiskLimitLevelExistInDb()" classname="org.javaguru.travel.insurance.core.validations.agreement.MedicalRiskLimitLevelValidationTest" time="0.021"/>
  <testcase name="shouldNotReturnErrorWhenNotContainTravelMedicalRisk()" classname="org.javaguru.travel.insurance.core.validations.agreement.MedicalRiskLimitLevelValidationTest" time="0.001"/>
  <testcase name="shouldNotReturnErrorWhenMedicalRiskLimitLevelNotEnabled()" classname="org.javaguru.travel.insurance.core.validations.agreement.MedicalRiskLimitLevelValidationTest" time="0.001"/>
  <testcase name="shouldReturnError()" classname="org.javaguru.travel.insurance.core.validations.agreement.MedicalRiskLimitLevelValidationTest" time="0.002"/>
  <testcase name="shouldNotReturnErrorWhenMedicalRiskLimitLevelIsNull()" classname="org.javaguru.travel.insurance.core.validations.agreement.MedicalRiskLimitLevelValidationTest" time="0.001"/>
  <system-out><![CDATA[]]></system-out>
  <system-err><![CDATA[]]></system-err>
</testsuite>
