<?xml version="1.0" encoding="UTF-8"?>
<testsuite name="org.javaguru.travel.insurance.core.validations.agreement.EmptyCountryValidatorTest" tests="3" skipped="0" failures="0" errors="0" timestamp="2025-03-27T22:59:31" hostname="Nikita.lan" time="0.007">
  <properties/>
  <testcase name="shouldReturnErrorWhenSelectedRisksContainsTravelMedicalAndCountryIsNull()" classname="org.javaguru.travel.insurance.core.validations.agreement.EmptyCountryValidatorTest" time="0.003"/>
  <testcase name="shouldReturnNoErrorWhenSelectedRisksContainsTravelMedicalAndCountryIsPresent()" classname="org.javaguru.travel.insurance.core.validations.agreement.EmptyCountryValidatorTest" time="0.001"/>
  <testcase name="shouldReturnErrorWhenSelectedRisksContainsTravelMedicalAndCountryIsEmpty()" classname="org.javaguru.travel.insurance.core.validations.agreement.EmptyCountryValidatorTest" time="0.001"/>
  <system-out><![CDATA[]]></system-out>
  <system-err><![CDATA[]]></system-err>
</testsuite>
