<?xml version="1.0" encoding="UTF-8"?>
<testsuite name="org.javaguru.travel.insurance.core.underwriting.SelectedRisksPremiumCalculatorTest" tests="3" skipped="0" failures="0" errors="0" timestamp="2025-03-28T13:06:38" hostname="Nikita.lan" time="0.079">
  <properties/>
  <testcase name="shouldThrowExceptionWhenSelectedRiskTypeNotSupported()" classname="org.javaguru.travel.insurance.core.underwriting.SelectedRisksPremiumCalculatorTest" time="0.072"/>
  <testcase name="shouldCalculatePremiumForOneRisk()" classname="org.javaguru.travel.insurance.core.underwriting.SelectedRisksPremiumCalculatorTest" time="0.003"/>
  <testcase name="shouldCalculatePremiumForTwoRisk()" classname="org.javaguru.travel.insurance.core.underwriting.SelectedRisksPremiumCalculatorTest" time="0.004"/>
  <system-out><![CDATA[]]></system-out>
  <system-err><![CDATA[]]></system-err>
</testsuite>
