<?xml version="1.0" encoding="UTF-8"?>
<testsuite name="org.javaguru.travel.insurance.rest.TravelCalculatePremiumControllerV2Test" tests="12" skipped="0" failures="0" errors="0" timestamp="2025-03-27T22:59:32" hostname="Nikita.lan" time="0.121">
  <properties/>
  <testcase name="[1] testCase=test_case1" classname="org.javaguru.travel.insurance.rest.TravelCalculatePremiumControllerV2Test" time="0.018"/>
  <testcase name="[2] testCase=test_case10" classname="org.javaguru.travel.insurance.rest.TravelCalculatePremiumControllerV2Test" time="0.008"/>
  <testcase name="[3] testCase=test_case11" classname="org.javaguru.travel.insurance.rest.TravelCalculatePremiumControllerV2Test" time="0.011"/>
  <testcase name="[4] testCase=test_case12" classname="org.javaguru.travel.insurance.rest.TravelCalculatePremiumControllerV2Test" time="0.012"/>
  <testcase name="[5] testCase=test_case2" classname="org.javaguru.travel.insurance.rest.TravelCalculatePremiumControllerV2Test" time="0.011"/>
  <testcase name="[6] testCase=test_case3" classname="org.javaguru.travel.insurance.rest.TravelCalculatePremiumControllerV2Test" time="0.009"/>
  <testcase name="[7] testCase=test_case4" classname="org.javaguru.travel.insurance.rest.TravelCalculatePremiumControllerV2Test" time="0.007"/>
  <testcase name="[8] testCase=test_case5" classname="org.javaguru.travel.insurance.rest.TravelCalculatePremiumControllerV2Test" time="0.008"/>
  <testcase name="[9] testCase=test_case6" classname="org.javaguru.travel.insurance.rest.TravelCalculatePremiumControllerV2Test" time="0.008"/>
  <testcase name="[10] testCase=test_case7" classname="org.javaguru.travel.insurance.rest.TravelCalculatePremiumControllerV2Test" time="0.006"/>
  <testcase name="[11] testCase=test_case8" classname="org.javaguru.travel.insurance.rest.TravelCalculatePremiumControllerV2Test" time="0.006"/>
  <testcase name="[12] testCase=test_case9" classname="org.javaguru.travel.insurance.rest.TravelCalculatePremiumControllerV2Test" time="0.007"/>
  <system-out><![CDATA[02:59:32.977 [Test worker] ?[34mINFO ?[0;39m ?[36mo.s.t.c.s.AnnotationConfigContextLoaderUtils?[0;39m – Could not detect default configuration classes for test class [org.javaguru.travel.insurance.rest.TravelCalculatePremiumControllerV2Test]: TravelCalculatePremiumControllerV2Test does not declare any static, non-private, non-final, nested classes annotated with @Configuration.
02:59:32.979 [Test worker] ?[34mINFO ?[0;39m ?[36mo.s.b.t.c.SpringBootTestContextBootstrapper?[0;39m – Found @SpringBootConfiguration org.javaguru.travel.insurance.InsuranceApplication for test class org.javaguru.travel.insurance.rest.TravelCalculatePremiumControllerV2Test
Hibernate: select cddr1_0.id,cddr1_0.country_ic,cddr1_0.default_day_rate from country_default_day_rate cddr1_0 where cddr1_0.country_ic=?
Hibernate: select cv1_0.id,cv1_0.classifier_id,cv1_0.description,cv1_0.ic from classifier_values cv1_0 left join classifiers c1_0 on c1_0.id=cv1_0.classifier_id where c1_0.title=? and cv1_0.ic=?
Hibernate: select c1_0.id,c1_0.description,c1_0.title from classifiers c1_0 where c1_0.id=?
Hibernate: select cv1_0.id,cv1_0.classifier_id,cv1_0.description,cv1_0.ic from classifier_values cv1_0 left join classifiers c1_0 on c1_0.id=cv1_0.classifier_id where c1_0.title=? and cv1_0.ic=?
Hibernate: select cv1_0.id,cv1_0.classifier_id,cv1_0.description,cv1_0.ic from classifier_values cv1_0 left join classifiers c1_0 on c1_0.id=cv1_0.classifier_id where c1_0.title=? and cv1_0.ic=?
Hibernate: select c1_0.id,c1_0.description,c1_0.title from classifiers c1_0 where c1_0.id=?
Hibernate: select cv1_0.id,cv1_0.classifier_id,cv1_0.description,cv1_0.ic from classifier_values cv1_0 left join classifiers c1_0 on c1_0.id=cv1_0.classifier_id where c1_0.title=? and cv1_0.ic=?
Hibernate: select cv1_0.id,cv1_0.classifier_id,cv1_0.description,cv1_0.ic from classifier_values cv1_0 left join classifiers c1_0 on c1_0.id=cv1_0.classifier_id where c1_0.title=? and cv1_0.ic=?
Hibernate: select cddr1_0.id,cddr1_0.country_ic,cddr1_0.default_day_rate from country_default_day_rate cddr1_0 where cddr1_0.country_ic=?
Hibernate: select ac1_0.id,ac1_0.age_from,ac1_0.age_to,ac1_0.coefficient from age_coefficient ac1_0 where ac1_0.age_from<=? and ac1_0.age_to>=?
Hibernate: select mrll1_0.id,mrll1_0.coefficient,mrll1_0.medical_risk_limit_level_ic from medical_risk_limit_level mrll1_0 where mrll1_0.medical_risk_limit_level_ic=?
Hibernate: select cddr1_0.id,cddr1_0.country_ic,cddr1_0.default_day_rate from country_default_day_rate cddr1_0 where cddr1_0.country_ic=?
Hibernate: select ac1_0.id,ac1_0.age_from,ac1_0.age_to,ac1_0.coefficient from age_coefficient ac1_0 where ac1_0.age_from<=? and ac1_0.age_to>=?
Hibernate: select mrll1_0.id,mrll1_0.coefficient,mrll1_0.medical_risk_limit_level_ic from medical_risk_limit_level mrll1_0 where mrll1_0.medical_risk_limit_level_ic=?
Hibernate: select cddr1_0.id,cddr1_0.country_ic,cddr1_0.default_day_rate from country_default_day_rate cddr1_0 where cddr1_0.country_ic=?
Hibernate: select ac1_0.id,ac1_0.age_from,ac1_0.age_to,ac1_0.coefficient from age_coefficient ac1_0 where ac1_0.age_from<=? and ac1_0.age_to>=?
Hibernate: select mrll1_0.id,mrll1_0.coefficient,mrll1_0.medical_risk_limit_level_ic from medical_risk_limit_level mrll1_0 where mrll1_0.medical_risk_limit_level_ic=?
02:59:32.997 [Test worker] ?[34mINFO ?[0;39m ?[36mo.j.t.i.r.l.EventLoggerTravelCalculatePremiumRequestExecutionTime?[0;39m – Request processing time (ms): 9
Hibernate: select cddr1_0.id,cddr1_0.country_ic,cddr1_0.default_day_rate from country_default_day_rate cddr1_0 where cddr1_0.country_ic=?
Hibernate: select cv1_0.id,cv1_0.classifier_id,cv1_0.description,cv1_0.ic from classifier_values cv1_0 left join classifiers c1_0 on c1_0.id=cv1_0.classifier_id where c1_0.title=? and cv1_0.ic=?
Hibernate: select c1_0.id,c1_0.description,c1_0.title from classifiers c1_0 where c1_0.id=?
Hibernate: select cv1_0.id,cv1_0.classifier_id,cv1_0.description,cv1_0.ic from classifier_values cv1_0 left join classifiers c1_0 on c1_0.id=cv1_0.classifier_id where c1_0.title=? and cv1_0.ic=?
Hibernate: select cv1_0.id,cv1_0.classifier_id,cv1_0.description,cv1_0.ic from classifier_values cv1_0 left join classifiers c1_0 on c1_0.id=cv1_0.classifier_id where c1_0.title=? and cv1_0.ic=?
Hibernate: select c1_0.id,c1_0.description,c1_0.title from classifiers c1_0 where c1_0.id=?
Hibernate: select cv1_0.id,cv1_0.classifier_id,cv1_0.description,cv1_0.ic from classifier_values cv1_0 left join classifiers c1_0 on c1_0.id=cv1_0.classifier_id where c1_0.title=? and cv1_0.ic=?
Hibernate: select cv1_0.id,cv1_0.classifier_id,cv1_0.description,cv1_0.ic from classifier_values cv1_0 left join classifiers c1_0 on c1_0.id=cv1_0.classifier_id where c1_0.title=? and cv1_0.ic=?
02:59:33.008 [Test worker] ?[34mINFO ?[0;39m ?[36mo.j.t.i.r.l.EventLoggerTravelCalculatePremiumRequestExecutionTime?[0;39m – Request processing time (ms): 3
Hibernate: select cddr1_0.id,cddr1_0.country_ic,cddr1_0.default_day_rate from country_default_day_rate cddr1_0 where cddr1_0.country_ic=?
Hibernate: select cv1_0.id,cv1_0.classifier_id,cv1_0.description,cv1_0.ic from classifier_values cv1_0 left join classifiers c1_0 on c1_0.id=cv1_0.classifier_id where c1_0.title=? and cv1_0.ic=?
Hibernate: select c1_0.id,c1_0.description,c1_0.title from classifiers c1_0 where c1_0.id=?
Hibernate: select cv1_0.id,cv1_0.classifier_id,cv1_0.description,cv1_0.ic from classifier_values cv1_0 left join classifiers c1_0 on c1_0.id=cv1_0.classifier_id where c1_0.title=? and cv1_0.ic=?
Hibernate: select cv1_0.id,cv1_0.classifier_id,cv1_0.description,cv1_0.ic from classifier_values cv1_0 left join classifiers c1_0 on c1_0.id=cv1_0.classifier_id where c1_0.title=? and cv1_0.ic=?
Hibernate: select c1_0.id,c1_0.description,c1_0.title from classifiers c1_0 where c1_0.id=?
Hibernate: select cv1_0.id,cv1_0.classifier_id,cv1_0.description,cv1_0.ic from classifier_values cv1_0 left join classifiers c1_0 on c1_0.id=cv1_0.classifier_id where c1_0.title=? and cv1_0.ic=?
Hibernate: select cv1_0.id,cv1_0.classifier_id,cv1_0.description,cv1_0.ic from classifier_values cv1_0 left join classifiers c1_0 on c1_0.id=cv1_0.classifier_id where c1_0.title=? and cv1_0.ic=?
02:59:33.021 [Test worker] ?[34mINFO ?[0;39m ?[36mo.j.t.i.r.l.EventLoggerTravelCalculatePremiumRequestExecutionTime?[0;39m – Request processing time (ms): 4
Hibernate: select cddr1_0.id,cddr1_0.country_ic,cddr1_0.default_day_rate from country_default_day_rate cddr1_0 where cddr1_0.country_ic=?
Hibernate: select cv1_0.id,cv1_0.classifier_id,cv1_0.description,cv1_0.ic from classifier_values cv1_0 left join classifiers c1_0 on c1_0.id=cv1_0.classifier_id where c1_0.title=? and cv1_0.ic=?
Hibernate: select cv1_0.id,cv1_0.classifier_id,cv1_0.description,cv1_0.ic from classifier_values cv1_0 left join classifiers c1_0 on c1_0.id=cv1_0.classifier_id where c1_0.title=? and cv1_0.ic=?
Hibernate: select cv1_0.id,cv1_0.classifier_id,cv1_0.description,cv1_0.ic from classifier_values cv1_0 left join classifiers c1_0 on c1_0.id=cv1_0.classifier_id where c1_0.title=? and cv1_0.ic=?
Hibernate: select c1_0.id,c1_0.description,c1_0.title from classifiers c1_0 where c1_0.id=?
Hibernate: select cv1_0.id,cv1_0.classifier_id,cv1_0.description,cv1_0.ic from classifier_values cv1_0 left join classifiers c1_0 on c1_0.id=cv1_0.classifier_id where c1_0.title=? and cv1_0.ic=?
Hibernate: select cv1_0.id,cv1_0.classifier_id,cv1_0.description,cv1_0.ic from classifier_values cv1_0 left join classifiers c1_0 on c1_0.id=cv1_0.classifier_id where c1_0.title=? and cv1_0.ic=?
02:59:33.033 [Test worker] ?[34mINFO ?[0;39m ?[36mo.j.t.i.r.l.EventLoggerTravelCalculatePremiumRequestExecutionTime?[0;39m – Request processing time (ms): 7
Hibernate: select cddr1_0.id,cddr1_0.country_ic,cddr1_0.default_day_rate from country_default_day_rate cddr1_0 where cddr1_0.country_ic=?
Hibernate: select cv1_0.id,cv1_0.classifier_id,cv1_0.description,cv1_0.ic from classifier_values cv1_0 left join classifiers c1_0 on c1_0.id=cv1_0.classifier_id where c1_0.title=? and cv1_0.ic=?
Hibernate: select c1_0.id,c1_0.description,c1_0.title from classifiers c1_0 where c1_0.id=?
Hibernate: select cv1_0.id,cv1_0.classifier_id,cv1_0.description,cv1_0.ic from classifier_values cv1_0 left join classifiers c1_0 on c1_0.id=cv1_0.classifier_id where c1_0.title=? and cv1_0.ic=?
Hibernate: select cv1_0.id,cv1_0.classifier_id,cv1_0.description,cv1_0.ic from classifier_values cv1_0 left join classifiers c1_0 on c1_0.id=cv1_0.classifier_id where c1_0.title=? and cv1_0.ic=?
Hibernate: select c1_0.id,c1_0.description,c1_0.title from classifiers c1_0 where c1_0.id=?
Hibernate: select cv1_0.id,cv1_0.classifier_id,cv1_0.description,cv1_0.ic from classifier_values cv1_0 left join classifiers c1_0 on c1_0.id=cv1_0.classifier_id where c1_0.title=? and cv1_0.ic=?
Hibernate: select cv1_0.id,cv1_0.classifier_id,cv1_0.description,cv1_0.ic from classifier_values cv1_0 left join classifiers c1_0 on c1_0.id=cv1_0.classifier_id where c1_0.title=? and cv1_0.ic=?
02:59:33.045 [Test worker] ?[34mINFO ?[0;39m ?[36mo.j.t.i.r.l.EventLoggerTravelCalculatePremiumRequestExecutionTime?[0;39m – Request processing time (ms): 5
Hibernate: select cddr1_0.id,cddr1_0.country_ic,cddr1_0.default_day_rate from country_default_day_rate cddr1_0 where cddr1_0.country_ic=?
Hibernate: select cv1_0.id,cv1_0.classifier_id,cv1_0.description,cv1_0.ic from classifier_values cv1_0 left join classifiers c1_0 on c1_0.id=cv1_0.classifier_id where c1_0.title=? and cv1_0.ic=?
Hibernate: select c1_0.id,c1_0.description,c1_0.title from classifiers c1_0 where c1_0.id=?
Hibernate: select cv1_0.id,cv1_0.classifier_id,cv1_0.description,cv1_0.ic from classifier_values cv1_0 left join classifiers c1_0 on c1_0.id=cv1_0.classifier_id where c1_0.title=? and cv1_0.ic=?
Hibernate: select cv1_0.id,cv1_0.classifier_id,cv1_0.description,cv1_0.ic from classifier_values cv1_0 left join classifiers c1_0 on c1_0.id=cv1_0.classifier_id where c1_0.title=? and cv1_0.ic=?
Hibernate: select c1_0.id,c1_0.description,c1_0.title from classifiers c1_0 where c1_0.id=?
Hibernate: select cv1_0.id,cv1_0.classifier_id,cv1_0.description,cv1_0.ic from classifier_values cv1_0 left join classifiers c1_0 on c1_0.id=cv1_0.classifier_id where c1_0.title=? and cv1_0.ic=?
Hibernate: select cv1_0.id,cv1_0.classifier_id,cv1_0.description,cv1_0.ic from classifier_values cv1_0 left join classifiers c1_0 on c1_0.id=cv1_0.classifier_id where c1_0.title=? and cv1_0.ic=?
02:59:33.054 [Test worker] ?[34mINFO ?[0;39m ?[36mo.j.t.i.r.l.EventLoggerTravelCalculatePremiumRequestExecutionTime?[0;39m – Request processing time (ms): 4
Hibernate: select cddr1_0.id,cddr1_0.country_ic,cddr1_0.default_day_rate from country_default_day_rate cddr1_0 where cddr1_0.country_ic=?
Hibernate: select cv1_0.id,cv1_0.classifier_id,cv1_0.description,cv1_0.ic from classifier_values cv1_0 left join classifiers c1_0 on c1_0.id=cv1_0.classifier_id where c1_0.title=? and cv1_0.ic=?
Hibernate: select c1_0.id,c1_0.description,c1_0.title from classifiers c1_0 where c1_0.id=?
02:59:33.062 [Test worker] ?[34mINFO ?[0;39m ?[36mo.j.t.i.r.l.EventLoggerTravelCalculatePremiumRequestExecutionTime?[0;39m – Request processing time (ms): 2
Hibernate: select cddr1_0.id,cddr1_0.country_ic,cddr1_0.default_day_rate from country_default_day_rate cddr1_0 where cddr1_0.country_ic=?
Hibernate: select cv1_0.id,cv1_0.classifier_id,cv1_0.description,cv1_0.ic from classifier_values cv1_0 left join classifiers c1_0 on c1_0.id=cv1_0.classifier_id where c1_0.title=? and cv1_0.ic=?
Hibernate: select c1_0.id,c1_0.description,c1_0.title from classifiers c1_0 where c1_0.id=?
Hibernate: select cv1_0.id,cv1_0.classifier_id,cv1_0.description,cv1_0.ic from classifier_values cv1_0 left join classifiers c1_0 on c1_0.id=cv1_0.classifier_id where c1_0.title=? and cv1_0.ic=?
Hibernate: select cv1_0.id,cv1_0.classifier_id,cv1_0.description,cv1_0.ic from classifier_values cv1_0 left join classifiers c1_0 on c1_0.id=cv1_0.classifier_id where c1_0.title=? and cv1_0.ic=?
Hibernate: select c1_0.id,c1_0.description,c1_0.title from classifiers c1_0 where c1_0.id=?
Hibernate: select cv1_0.id,cv1_0.classifier_id,cv1_0.description,cv1_0.ic from classifier_values cv1_0 left join classifiers c1_0 on c1_0.id=cv1_0.classifier_id where c1_0.title=? and cv1_0.ic=?
Hibernate: select cv1_0.id,cv1_0.classifier_id,cv1_0.description,cv1_0.ic from classifier_values cv1_0 left join classifiers c1_0 on c1_0.id=cv1_0.classifier_id where c1_0.title=? and cv1_0.ic=?
02:59:33.071 [Test worker] ?[34mINFO ?[0;39m ?[36mo.j.t.i.r.l.EventLoggerTravelCalculatePremiumRequestExecutionTime?[0;39m – Request processing time (ms): 4
Hibernate: select cddr1_0.id,cddr1_0.country_ic,cddr1_0.default_day_rate from country_default_day_rate cddr1_0 where cddr1_0.country_ic=?
Hibernate: select cv1_0.id,cv1_0.classifier_id,cv1_0.description,cv1_0.ic from classifier_values cv1_0 left join classifiers c1_0 on c1_0.id=cv1_0.classifier_id where c1_0.title=? and cv1_0.ic=?
Hibernate: select c1_0.id,c1_0.description,c1_0.title from classifiers c1_0 where c1_0.id=?
Hibernate: select cv1_0.id,cv1_0.classifier_id,cv1_0.description,cv1_0.ic from classifier_values cv1_0 left join classifiers c1_0 on c1_0.id=cv1_0.classifier_id where c1_0.title=? and cv1_0.ic=?
Hibernate: select cv1_0.id,cv1_0.classifier_id,cv1_0.description,cv1_0.ic from classifier_values cv1_0 left join classifiers c1_0 on c1_0.id=cv1_0.classifier_id where c1_0.title=? and cv1_0.ic=?
Hibernate: select c1_0.id,c1_0.description,c1_0.title from classifiers c1_0 where c1_0.id=?
Hibernate: select cv1_0.id,cv1_0.classifier_id,cv1_0.description,cv1_0.ic from classifier_values cv1_0 left join classifiers c1_0 on c1_0.id=cv1_0.classifier_id where c1_0.title=? and cv1_0.ic=?
Hibernate: select cv1_0.id,cv1_0.classifier_id,cv1_0.description,cv1_0.ic from classifier_values cv1_0 left join classifiers c1_0 on c1_0.id=cv1_0.classifier_id where c1_0.title=? and cv1_0.ic=?
02:59:33.080 [Test worker] ?[34mINFO ?[0;39m ?[36mo.j.t.i.r.l.EventLoggerTravelCalculatePremiumRequestExecutionTime?[0;39m – Request processing time (ms): 3
Hibernate: select cddr1_0.id,cddr1_0.country_ic,cddr1_0.default_day_rate from country_default_day_rate cddr1_0 where cddr1_0.country_ic=?
Hibernate: select cv1_0.id,cv1_0.classifier_id,cv1_0.description,cv1_0.ic from classifier_values cv1_0 left join classifiers c1_0 on c1_0.id=cv1_0.classifier_id where c1_0.title=? and cv1_0.ic=?
Hibernate: select c1_0.id,c1_0.description,c1_0.title from classifiers c1_0 where c1_0.id=?
Hibernate: select cv1_0.id,cv1_0.classifier_id,cv1_0.description,cv1_0.ic from classifier_values cv1_0 left join classifiers c1_0 on c1_0.id=cv1_0.classifier_id where c1_0.title=? and cv1_0.ic=?
Hibernate: select cv1_0.id,cv1_0.classifier_id,cv1_0.description,cv1_0.ic from classifier_values cv1_0 left join classifiers c1_0 on c1_0.id=cv1_0.classifier_id where c1_0.title=? and cv1_0.ic=?
Hibernate: select c1_0.id,c1_0.description,c1_0.title from classifiers c1_0 where c1_0.id=?
Hibernate: select cv1_0.id,cv1_0.classifier_id,cv1_0.description,cv1_0.ic from classifier_values cv1_0 left join classifiers c1_0 on c1_0.id=cv1_0.classifier_id where c1_0.title=? and cv1_0.ic=?
Hibernate: select cv1_0.id,cv1_0.classifier_id,cv1_0.description,cv1_0.ic from classifier_values cv1_0 left join classifiers c1_0 on c1_0.id=cv1_0.classifier_id where c1_0.title=? and cv1_0.ic=?
02:59:33.089 [Test worker] ?[34mINFO ?[0;39m ?[36mo.j.t.i.r.l.EventLoggerTravelCalculatePremiumRequestExecutionTime?[0;39m – Request processing time (ms): 3
Hibernate: select cddr1_0.id,cddr1_0.country_ic,cddr1_0.default_day_rate from country_default_day_rate cddr1_0 where cddr1_0.country_ic=?
Hibernate: select cv1_0.id,cv1_0.classifier_id,cv1_0.description,cv1_0.ic from classifier_values cv1_0 left join classifiers c1_0 on c1_0.id=cv1_0.classifier_id where c1_0.title=? and cv1_0.ic=?
Hibernate: select c1_0.id,c1_0.description,c1_0.title from classifiers c1_0 where c1_0.id=?
Hibernate: select cv1_0.id,cv1_0.classifier_id,cv1_0.description,cv1_0.ic from classifier_values cv1_0 left join classifiers c1_0 on c1_0.id=cv1_0.classifier_id where c1_0.title=? and cv1_0.ic=?
Hibernate: select cv1_0.id,cv1_0.classifier_id,cv1_0.description,cv1_0.ic from classifier_values cv1_0 left join classifiers c1_0 on c1_0.id=cv1_0.classifier_id where c1_0.title=? and cv1_0.ic=?
Hibernate: select cv1_0.id,cv1_0.classifier_id,cv1_0.description,cv1_0.ic from classifier_values cv1_0 left join classifiers c1_0 on c1_0.id=cv1_0.classifier_id where c1_0.title=? and cv1_0.ic=?
02:59:33.095 [Test worker] ?[34mINFO ?[0;39m ?[36mo.j.t.i.r.l.EventLoggerTravelCalculatePremiumRequestExecutionTime?[0;39m – Request processing time (ms): 2
Hibernate: select cddr1_0.id,cddr1_0.country_ic,cddr1_0.default_day_rate from country_default_day_rate cddr1_0 where cddr1_0.country_ic=?
Hibernate: select cv1_0.id,cv1_0.classifier_id,cv1_0.description,cv1_0.ic from classifier_values cv1_0 left join classifiers c1_0 on c1_0.id=cv1_0.classifier_id where c1_0.title=? and cv1_0.ic=?
Hibernate: select c1_0.id,c1_0.description,c1_0.title from classifiers c1_0 where c1_0.id=?
Hibernate: select cv1_0.id,cv1_0.classifier_id,cv1_0.description,cv1_0.ic from classifier_values cv1_0 left join classifiers c1_0 on c1_0.id=cv1_0.classifier_id where c1_0.title=? and cv1_0.ic=?
Hibernate: select cv1_0.id,cv1_0.classifier_id,cv1_0.description,cv1_0.ic from classifier_values cv1_0 left join classifiers c1_0 on c1_0.id=cv1_0.classifier_id where c1_0.title=? and cv1_0.ic=?
Hibernate: select cv1_0.id,cv1_0.classifier_id,cv1_0.description,cv1_0.ic from classifier_values cv1_0 left join classifiers c1_0 on c1_0.id=cv1_0.classifier_id where c1_0.title=? and cv1_0.ic=?
02:59:33.102 [Test worker] ?[34mINFO ?[0;39m ?[36mo.j.t.i.r.l.EventLoggerTravelCalculatePremiumRequestExecutionTime?[0;39m – Request processing time (ms): 2
]]></system-out>
  <system-err><![CDATA[]]></system-err>
</testsuite>
